2022-05-06 10:52:18,631 INFO org.springframework.boot.StartupInfoLogger [main] Starting GuestBookAppApplicationTests using Java 1.8.0_231 on GOPALKRISHAN with PID 15212 (started by Gopalk.Chaturvedi in D:\POCWorkSpace\GuestBookApp)
2022-05-06 10:52:18,631 DEBUG org.springframework.boot.StartupInfoLogger [main] Running with Spring Boot v2.6.7, Spring v5.3.19
2022-05-06 10:52:18,639 INFO org.springframework.boot.SpringApplication [main] No active profile set, falling back to 1 default profile: "default"
2022-05-06 10:52:27,889 WARN org.springframework.boot.autoconfigure.orm.jpa.JpaBaseConfiguration$JpaWebConfiguration [main] spring.jpa.open-in-view is enabled by default. Therefore, database queries may be performed during view rendering. Explicitly configure spring.jpa.open-in-view to disable this warning
2022-05-06 10:52:29,824 INFO org.springframework.boot.StartupInfoLogger [main] Started GuestBookAppApplicationTests in 12.072 seconds (JVM running for 15.275)
2022-05-06 10:59:07,159 INFO org.springframework.boot.StartupInfoLogger [main] Starting GuestBookAppApplicationTests using Java 1.8.0_231 on GOPALKRISHAN with PID 25868 (started by Gopalk.Chaturvedi in D:\POCWorkSpace\GuestBookApp)
2022-05-06 10:59:07,167 DEBUG org.springframework.boot.StartupInfoLogger [main] Running with Spring Boot v2.6.7, Spring v5.3.19
2022-05-06 10:59:07,170 INFO org.springframework.boot.SpringApplication [main] No active profile set, falling back to 1 default profile: "default"
2022-05-06 10:59:16,864 WARN org.springframework.boot.autoconfigure.orm.jpa.JpaBaseConfiguration$JpaWebConfiguration [main] spring.jpa.open-in-view is enabled by default. Therefore, database queries may be performed during view rendering. Explicitly configure spring.jpa.open-in-view to disable this warning
2022-05-06 10:59:18,285 INFO org.springframework.boot.StartupInfoLogger [main] Started GuestBookAppApplicationTests in 12.191 seconds (JVM running for 14.375)
2022-05-06 11:00:50,721 INFO org.springframework.boot.StartupInfoLogger [main] Starting GuestBookAppApplicationTests using Java 1.8.0_231 on GOPALKRISHAN with PID 15260 (started by Gopalk.Chaturvedi in D:\POCWorkSpace\GuestBookApp)
2022-05-06 11:00:50,723 DEBUG org.springframework.boot.StartupInfoLogger [main] Running with Spring Boot v2.6.7, Spring v5.3.19
2022-05-06 11:00:50,723 INFO org.springframework.boot.SpringApplication [main] No active profile set, falling back to 1 default profile: "default"
2022-05-06 11:00:59,662 WARN org.springframework.boot.autoconfigure.orm.jpa.JpaBaseConfiguration$JpaWebConfiguration [main] spring.jpa.open-in-view is enabled by default. Therefore, database queries may be performed during view rendering. Explicitly configure spring.jpa.open-in-view to disable this warning
2022-05-06 11:01:01,815 INFO org.springframework.boot.StartupInfoLogger [main] Started GuestBookAppApplicationTests in 12.003 seconds (JVM running for 14.712)
2022-05-06 11:24:58,481 INFO org.springframework.boot.StartupInfoLogger [main] Starting GuestBookAppApplicationTests using Java 1.8.0_231 on GOPALKRISHAN with PID 22716 (started by Gopalk.Chaturvedi in D:\POCWorkSpace\GuestBookApp)
2022-05-06 11:24:58,484 DEBUG org.springframework.boot.StartupInfoLogger [main] Running with Spring Boot v2.6.7, Spring v5.3.19
2022-05-06 11:24:58,485 INFO org.springframework.boot.SpringApplication [main] No active profile set, falling back to 1 default profile: "default"
2022-05-06 11:25:08,289 WARN org.springframework.boot.autoconfigure.orm.jpa.JpaBaseConfiguration$JpaWebConfiguration [main] spring.jpa.open-in-view is enabled by default. Therefore, database queries may be performed during view rendering. Explicitly configure spring.jpa.open-in-view to disable this warning
2022-05-06 11:25:10,283 INFO org.springframework.boot.StartupInfoLogger [main] Started GuestBookAppApplicationTests in 12.668 seconds (JVM running for 14.832)
2022-05-06 11:25:54,169 INFO org.springframework.boot.StartupInfoLogger [main] Starting GuestBookAppApplicationTests using Java 1.8.0_231 on GOPALKRISHAN with PID 19128 (started by Gopalk.Chaturvedi in D:\POCWorkSpace\GuestBookApp)
2022-05-06 11:25:54,177 DEBUG org.springframework.boot.StartupInfoLogger [main] Running with Spring Boot v2.6.7, Spring v5.3.19
2022-05-06 11:25:54,179 INFO org.springframework.boot.SpringApplication [main] No active profile set, falling back to 1 default profile: "default"
2022-05-06 11:26:04,002 WARN org.springframework.boot.autoconfigure.orm.jpa.JpaBaseConfiguration$JpaWebConfiguration [main] spring.jpa.open-in-view is enabled by default. Therefore, database queries may be performed during view rendering. Explicitly configure spring.jpa.open-in-view to disable this warning
2022-05-06 11:26:05,656 INFO org.springframework.boot.StartupInfoLogger [main] Started GuestBookAppApplicationTests in 12.335 seconds (JVM running for 14.407)
2022-05-06 11:26:39,197 INFO org.springframework.boot.StartupInfoLogger [main] Starting GuestBookAppApplicationTests using Java 1.8.0_231 on GOPALKRISHAN with PID 25252 (started by Gopalk.Chaturvedi in D:\POCWorkSpace\GuestBookApp)
2022-05-06 11:26:39,197 DEBUG org.springframework.boot.StartupInfoLogger [main] Running with Spring Boot v2.6.7, Spring v5.3.19
2022-05-06 11:26:39,197 INFO org.springframework.boot.SpringApplication [main] No active profile set, falling back to 1 default profile: "default"
2022-05-06 11:26:48,254 WARN org.springframework.boot.autoconfigure.orm.jpa.JpaBaseConfiguration$JpaWebConfiguration [main] spring.jpa.open-in-view is enabled by default. Therefore, database queries may be performed during view rendering. Explicitly configure spring.jpa.open-in-view to disable this warning
2022-05-06 11:26:50,209 INFO org.springframework.boot.StartupInfoLogger [main] Started GuestBookAppApplicationTests in 11.987 seconds (JVM running for 14.518)
2022-05-06 11:27:12,112 INFO org.springframework.boot.StartupInfoLogger [main] Starting GuestBookAppApplicationTests using Java 1.8.0_231 on GOPALKRISHAN with PID 5012 (started by Gopalk.Chaturvedi in D:\POCWorkSpace\GuestBookApp)
2022-05-06 11:27:12,112 DEBUG org.springframework.boot.StartupInfoLogger [main] Running with Spring Boot v2.6.7, Spring v5.3.19
2022-05-06 11:27:12,112 INFO org.springframework.boot.SpringApplication [main] No active profile set, falling back to 1 default profile: "default"
2022-05-06 11:27:21,837 WARN org.springframework.boot.autoconfigure.orm.jpa.JpaBaseConfiguration$JpaWebConfiguration [main] spring.jpa.open-in-view is enabled by default. Therefore, database queries may be performed during view rendering. Explicitly configure spring.jpa.open-in-view to disable this warning
2022-05-06 11:27:23,349 INFO org.springframework.boot.StartupInfoLogger [main] Started GuestBookAppApplicationTests in 12.218 seconds (JVM running for 14.325)
2022-05-06 11:27:47,852 INFO org.springframework.boot.StartupInfoLogger [main] Starting GuestBookAppApplicationTests using Java 1.8.0_231 on GOPALKRISHAN with PID 16880 (started by Gopalk.Chaturvedi in D:\POCWorkSpace\GuestBookApp)
2022-05-06 11:27:47,861 DEBUG org.springframework.boot.StartupInfoLogger [main] Running with Spring Boot v2.6.7, Spring v5.3.19
2022-05-06 11:27:47,864 INFO org.springframework.boot.SpringApplication [main] No active profile set, falling back to 1 default profile: "default"
2022-05-06 11:27:57,266 WARN org.springframework.boot.autoconfigure.orm.jpa.JpaBaseConfiguration$JpaWebConfiguration [main] spring.jpa.open-in-view is enabled by default. Therefore, database queries may be performed during view rendering. Explicitly configure spring.jpa.open-in-view to disable this warning
2022-05-06 11:27:58,871 INFO org.springframework.boot.StartupInfoLogger [main] Started GuestBookAppApplicationTests in 11.839 seconds (JVM running for 14.141)
2022-05-06 11:30:12,379 INFO org.springframework.boot.StartupInfoLogger [main] Starting GuestBookAppApplicationTests using Java 1.8.0_231 on GOPALKRISHAN with PID 25836 (started by Gopalk.Chaturvedi in D:\POCWorkSpace\GuestBookApp)
2022-05-06 11:30:12,379 DEBUG org.springframework.boot.StartupInfoLogger [main] Running with Spring Boot v2.6.7, Spring v5.3.19
2022-05-06 11:30:12,379 INFO org.springframework.boot.SpringApplication [main] No active profile set, falling back to 1 default profile: "default"
2022-05-06 11:30:21,397 WARN org.springframework.boot.autoconfigure.orm.jpa.JpaBaseConfiguration$JpaWebConfiguration [main] spring.jpa.open-in-view is enabled by default. Therefore, database queries may be performed during view rendering. Explicitly configure spring.jpa.open-in-view to disable this warning
2022-05-06 11:30:23,571 INFO org.springframework.boot.StartupInfoLogger [main] Started GuestBookAppApplicationTests in 12.604 seconds (JVM running for 14.763)
2022-05-06 11:31:21,090 INFO org.springframework.boot.StartupInfoLogger [main] Starting GuestBookAppApplicationTests using Java 1.8.0_231 on GOPALKRISHAN with PID 18300 (started by Gopalk.Chaturvedi in D:\POCWorkSpace\GuestBookApp)
2022-05-06 11:31:21,090 DEBUG org.springframework.boot.StartupInfoLogger [main] Running with Spring Boot v2.6.7, Spring v5.3.19
2022-05-06 11:31:21,090 INFO org.springframework.boot.SpringApplication [main] No active profile set, falling back to 1 default profile: "default"
2022-05-06 11:31:30,493 WARN org.springframework.boot.autoconfigure.orm.jpa.JpaBaseConfiguration$JpaWebConfiguration [main] spring.jpa.open-in-view is enabled by default. Therefore, database queries may be performed during view rendering. Explicitly configure spring.jpa.open-in-view to disable this warning
2022-05-06 11:31:31,824 INFO org.springframework.boot.StartupInfoLogger [main] Started GuestBookAppApplicationTests in 11.558 seconds (JVM running for 13.717)
2022-05-06 11:32:01,024 INFO org.springframework.boot.StartupInfoLogger [main] Starting GuestBookAppApplicationTests using Java 1.8.0_231 on GOPALKRISHAN with PID 11088 (started by Gopalk.Chaturvedi in D:\POCWorkSpace\GuestBookApp)
2022-05-06 11:32:01,034 DEBUG org.springframework.boot.StartupInfoLogger [main] Running with Spring Boot v2.6.7, Spring v5.3.19
2022-05-06 11:32:01,034 INFO org.springframework.boot.SpringApplication [main] No active profile set, falling back to 1 default profile: "default"
2022-05-06 11:32:10,384 WARN org.springframework.boot.autoconfigure.orm.jpa.JpaBaseConfiguration$JpaWebConfiguration [main] spring.jpa.open-in-view is enabled by default. Therefore, database queries may be performed during view rendering. Explicitly configure spring.jpa.open-in-view to disable this warning
2022-05-06 11:32:12,342 INFO org.springframework.boot.StartupInfoLogger [main] Started GuestBookAppApplicationTests in 12.341 seconds (JVM running for 15.617)
2022-05-06 11:40:57,450 INFO org.springframework.boot.StartupInfoLogger [main] Starting GuestBookAppApplicationTests using Java 1.8.0_231 on GOPALKRISHAN with PID 22976 (started by Gopalk.Chaturvedi in D:\POCWorkSpace\GuestBookApp)
2022-05-06 11:40:57,452 DEBUG org.springframework.boot.StartupInfoLogger [main] Running with Spring Boot v2.6.7, Spring v5.3.19
2022-05-06 11:40:57,452 INFO org.springframework.boot.SpringApplication [main] No active profile set, falling back to 1 default profile: "default"
2022-05-06 11:41:06,455 WARN org.springframework.boot.autoconfigure.orm.jpa.JpaBaseConfiguration$JpaWebConfiguration [main] spring.jpa.open-in-view is enabled by default. Therefore, database queries may be performed during view rendering. Explicitly configure spring.jpa.open-in-view to disable this warning
2022-05-06 11:41:09,188 INFO org.springframework.boot.StartupInfoLogger [main] Started GuestBookAppApplicationTests in 12.57 seconds (JVM running for 15.116)
2022-05-06 11:42:33,428 INFO org.springframework.boot.StartupInfoLogger [main] Starting GuestBookAppApplicationTests using Java 1.8.0_231 on GOPALKRISHAN with PID 22260 (started by Gopalk.Chaturvedi in D:\POCWorkSpace\GuestBookApp)
2022-05-06 11:42:33,436 DEBUG org.springframework.boot.StartupInfoLogger [main] Running with Spring Boot v2.6.7, Spring v5.3.19
2022-05-06 11:42:33,436 INFO org.springframework.boot.SpringApplication [main] No active profile set, falling back to 1 default profile: "default"
2022-05-06 11:42:41,853 WARN org.springframework.boot.autoconfigure.orm.jpa.JpaBaseConfiguration$JpaWebConfiguration [main] spring.jpa.open-in-view is enabled by default. Therefore, database queries may be performed during view rendering. Explicitly configure spring.jpa.open-in-view to disable this warning
2022-05-06 11:42:44,042 INFO org.springframework.boot.StartupInfoLogger [main] Started GuestBookAppApplicationTests in 11.412 seconds (JVM running for 13.802)
2022-05-06 11:50:26,383 INFO org.springframework.boot.StartupInfoLogger [main] Starting GuestBookAppApplication using Java 1.8.0_231 on GOPALKRISHAN with PID 26932 (D:\POCWorkSpace\GuestBookApp\target\classes started by Gopalk.Chaturvedi in D:\POCWorkSpace\GuestBookApp)
2022-05-06 11:50:26,383 DEBUG org.springframework.boot.StartupInfoLogger [main] Running with Spring Boot v2.6.7, Spring v5.3.19
2022-05-06 11:50:26,391 INFO org.springframework.boot.SpringApplication [main] No active profile set, falling back to 1 default profile: "default"
2022-05-06 11:50:35,494 WARN org.springframework.boot.autoconfigure.orm.jpa.JpaBaseConfiguration$JpaWebConfiguration [main] spring.jpa.open-in-view is enabled by default. Therefore, database queries may be performed during view rendering. Explicitly configure spring.jpa.open-in-view to disable this warning
2022-05-06 11:50:36,855 INFO org.springframework.boot.StartupInfoLogger [main] Started GuestBookAppApplication in 11.538 seconds (JVM running for 12.391)
2022-05-06 11:51:41,134 INFO com.guestBook.GuestBookApp.controller.FeedbackController [http-nio-8080-exec-7] sign in user
2022-05-06 11:51:43,493 INFO com.guestBook.GuestBookApp.controller.FeedbackController [http-nio-8080-exec-8] sign in user
2022-05-06 11:51:43,552 INFO com.guestBook.GuestBookApp.controller.FeedbackController [http-nio-8080-exec-9] getting user entries data 
2022-05-06 11:52:49,739 INFO com.guestBook.GuestBookApp.controller.FeedbackController [http-nio-8080-exec-6] getting user entries data 
2022-05-06 11:53:35,517 INFO com.guestBook.GuestBookApp.controller.FeedbackController [http-nio-8080-exec-7] sign in user
2022-05-06 11:53:35,533 INFO com.guestBook.GuestBookApp.controller.FeedbackController [http-nio-8080-exec-8] sign in user
2022-05-06 11:53:35,574 INFO com.guestBook.GuestBookApp.controller.FeedbackController [http-nio-8080-exec-9] getting user entries data 
