2022-05-04 17:07:38,448 INFO org.springframework.boot.StartupInfoLogger [main] Starting GuestBookAppApplication using Java 1.8.0_231 on GOPALKRISHAN with PID 10068 (D:\POCWorkSpace\GuestBookApp\target\classes started by Gopalk.Chaturvedi in D:\POCWorkSpace\GuestBookApp)
2022-05-04 17:07:38,458 DEBUG org.springframework.boot.StartupInfoLogger [main] Running with Spring Boot v2.6.7, Spring v5.3.19
2022-05-04 17:07:38,458 INFO org.springframework.boot.SpringApplication [main] No active profile set, falling back to 1 default profile: "default"
2022-05-04 17:07:48,196 WARN org.springframework.boot.autoconfigure.orm.jpa.JpaBaseConfiguration$JpaWebConfiguration [main] spring.jpa.open-in-view is enabled by default. Therefore, database queries may be performed during view rendering. Explicitly configure spring.jpa.open-in-view to disable this warning
2022-05-04 17:07:49,162 INFO org.springframework.boot.StartupInfoLogger [main] Started GuestBookAppApplication in 12.095 seconds (JVM running for 12.994)
2022-05-04 17:08:06,453 WARN org.springframework.web.servlet.handler.AbstractHandlerExceptionResolver [http-nio-8080-exec-1] Resolved [org.springframework.web.HttpRequestMethodNotSupportedException: Request method 'POST' not supported]
2022-05-04 17:08:08,872 WARN org.springframework.web.servlet.handler.AbstractHandlerExceptionResolver [http-nio-8080-exec-2] Resolved [org.springframework.web.HttpRequestMethodNotSupportedException: Request method 'POST' not supported]
2022-05-04 17:10:49,399 INFO org.springframework.boot.StartupInfoLogger [main] Starting GuestBookAppApplication using Java 1.8.0_231 on GOPALKRISHAN with PID 24096 (D:\POCWorkSpace\GuestBookApp\target\classes started by Gopalk.Chaturvedi in D:\POCWorkSpace\GuestBookApp)
2022-05-04 17:10:49,401 DEBUG org.springframework.boot.StartupInfoLogger [main] Running with Spring Boot v2.6.7, Spring v5.3.19
2022-05-04 17:10:49,410 INFO org.springframework.boot.SpringApplication [main] No active profile set, falling back to 1 default profile: "default"
2022-05-04 17:10:58,511 WARN org.springframework.boot.autoconfigure.orm.jpa.JpaBaseConfiguration$JpaWebConfiguration [main] spring.jpa.open-in-view is enabled by default. Therefore, database queries may be performed during view rendering. Explicitly configure spring.jpa.open-in-view to disable this warning
2022-05-04 17:10:59,768 INFO org.springframework.boot.StartupInfoLogger [main] Started GuestBookAppApplication in 11.392 seconds (JVM running for 12.256)
2022-05-04 17:13:05,608 INFO com.guestBook.GuestBookApp.controller.FeedbackController [http-nio-8080-exec-1] sign in user
2022-05-04 17:13:07,287 INFO com.guestBook.GuestBookApp.controller.FeedbackController [http-nio-8080-exec-2] sign in user
2022-05-04 17:16:36,547 INFO com.guestBook.GuestBookApp.controller.FeedbackController [http-nio-8080-exec-4] sign in user
2022-05-04 17:16:38,243 INFO com.guestBook.GuestBookApp.controller.FeedbackController [http-nio-8080-exec-5] sign in user
2022-05-04 17:17:35,816 INFO org.springframework.boot.StartupInfoLogger [main] Starting GuestBookAppApplication using Java 1.8.0_231 on GOPALKRISHAN with PID 9960 (D:\POCWorkSpace\GuestBookApp\target\classes started by Gopalk.Chaturvedi in D:\POCWorkSpace\GuestBookApp)
2022-05-04 17:17:35,826 DEBUG org.springframework.boot.StartupInfoLogger [main] Running with Spring Boot v2.6.7, Spring v5.3.19
2022-05-04 17:17:35,826 INFO org.springframework.boot.SpringApplication [main] No active profile set, falling back to 1 default profile: "default"
2022-05-04 17:17:44,892 WARN org.springframework.boot.autoconfigure.orm.jpa.JpaBaseConfiguration$JpaWebConfiguration [main] spring.jpa.open-in-view is enabled by default. Therefore, database queries may be performed during view rendering. Explicitly configure spring.jpa.open-in-view to disable this warning
2022-05-04 17:17:46,152 INFO org.springframework.boot.StartupInfoLogger [main] Started GuestBookAppApplication in 11.335 seconds (JVM running for 12.189)
2022-05-04 17:18:34,486 INFO com.guestBook.GuestBookApp.controller.FeedbackController [http-nio-8080-exec-1] sign in user
2022-05-04 17:18:36,533 INFO com.guestBook.GuestBookApp.controller.FeedbackController [http-nio-8080-exec-2] sign in user
2022-05-04 20:25:22,754 WARN com.zaxxer.hikari.pool.HikariPool$HouseKeeper [HikariPool-1 housekeeper] HikariPool-1 - Thread starvation or clock leap detected (housekeeper delta=5m12s791ms343µs300ns).
2022-05-04 20:25:40,696 INFO com.guestBook.GuestBookApp.controller.FeedbackController [http-nio-8080-exec-4] sign in user
2022-05-04 20:25:43,558 INFO com.guestBook.GuestBookApp.controller.FeedbackController [http-nio-8080-exec-5] sign in user
2022-05-04 20:28:34,225 INFO org.springframework.boot.StartupInfoLogger [main] Starting GuestBookAppApplication using Java 1.8.0_231 on GOPALKRISHAN with PID 18148 (D:\POCWorkSpace\GuestBookApp\target\classes started by Gopalk.Chaturvedi in D:\POCWorkSpace\GuestBookApp)
2022-05-04 20:28:34,235 DEBUG org.springframework.boot.StartupInfoLogger [main] Running with Spring Boot v2.6.7, Spring v5.3.19
2022-05-04 20:28:34,235 INFO org.springframework.boot.SpringApplication [main] No active profile set, falling back to 1 default profile: "default"
2022-05-04 20:28:43,152 WARN org.springframework.boot.autoconfigure.orm.jpa.JpaBaseConfiguration$JpaWebConfiguration [main] spring.jpa.open-in-view is enabled by default. Therefore, database queries may be performed during view rendering. Explicitly configure spring.jpa.open-in-view to disable this warning
2022-05-04 20:28:44,299 INFO org.springframework.boot.StartupInfoLogger [main] Started GuestBookAppApplication in 11.141 seconds (JVM running for 12.513)
2022-05-04 20:29:11,173 INFO com.guestBook.GuestBookApp.controller.FeedbackController [http-nio-8080-exec-1] sign in user
2022-05-04 20:29:12,656 INFO com.guestBook.GuestBookApp.controller.FeedbackController [http-nio-8080-exec-2] sign in user
2022-05-04 20:29:28,106 INFO com.guestBook.GuestBookApp.controller.FeedbackController [http-nio-8080-exec-4] sign in user
2022-05-04 20:29:30,138 INFO com.guestBook.GuestBookApp.controller.FeedbackController [http-nio-8080-exec-5] sign in user
2022-05-04 21:03:18,547 INFO org.springframework.boot.StartupInfoLogger [main] Starting GuestBookAppApplication using Java 1.8.0_231 on GOPALKRISHAN with PID 21256 (D:\POCWorkSpace\GuestBookApp\target\classes started by Gopalk.Chaturvedi in D:\POCWorkSpace\GuestBookApp)
2022-05-04 21:03:18,547 DEBUG org.springframework.boot.StartupInfoLogger [main] Running with Spring Boot v2.6.7, Spring v5.3.19
2022-05-04 21:03:18,547 INFO org.springframework.boot.SpringApplication [main] No active profile set, falling back to 1 default profile: "default"
2022-05-04 21:03:30,493 WARN org.springframework.boot.autoconfigure.orm.jpa.JpaBaseConfiguration$JpaWebConfiguration [main] spring.jpa.open-in-view is enabled by default. Therefore, database queries may be performed during view rendering. Explicitly configure spring.jpa.open-in-view to disable this warning
2022-05-04 21:03:31,791 INFO org.springframework.boot.StartupInfoLogger [main] Started GuestBookAppApplication in 14.336 seconds (JVM running for 15.709)
2022-05-04 21:04:59,476 INFO com.guestBook.GuestBookApp.controller.FeedbackController [http-nio-8080-exec-1] sign in user
2022-05-04 21:05:00,918 INFO com.guestBook.GuestBookApp.controller.FeedbackController [http-nio-8080-exec-2] sign in user
2022-05-04 21:07:51,547 INFO com.guestBook.GuestBookApp.controller.FeedbackController [http-nio-8080-exec-4] sign in user
2022-05-04 21:07:53,777 INFO com.guestBook.GuestBookApp.controller.FeedbackController [http-nio-8080-exec-6] sign in user
2022-05-04 21:12:47,323 INFO com.guestBook.GuestBookApp.controller.FeedbackController [http-nio-8080-exec-9] sign in user
2022-05-04 21:12:49,122 INFO com.guestBook.GuestBookApp.controller.FeedbackController [http-nio-8080-exec-7] sign in user
2022-05-04 21:13:51,947 INFO com.guestBook.GuestBookApp.controller.FeedbackController [http-nio-8080-exec-1] sign in user
2022-05-04 21:13:53,569 INFO com.guestBook.GuestBookApp.controller.FeedbackController [http-nio-8080-exec-2] sign in user
2022-05-04 21:50:23,330 INFO org.springframework.boot.StartupInfoLogger [main] Starting GuestBookAppApplication using Java 1.8.0_231 on GOPALKRISHAN with PID 9352 (D:\POCWorkSpace\GuestBookApp\target\classes started by Gopalk.Chaturvedi in D:\POCWorkSpace\GuestBookApp)
2022-05-04 21:50:23,340 DEBUG org.springframework.boot.StartupInfoLogger [main] Running with Spring Boot v2.6.7, Spring v5.3.19
2022-05-04 21:50:23,340 INFO org.springframework.boot.SpringApplication [main] No active profile set, falling back to 1 default profile: "default"
2022-05-04 21:50:32,346 WARN org.springframework.boot.autoconfigure.orm.jpa.JpaBaseConfiguration$JpaWebConfiguration [main] spring.jpa.open-in-view is enabled by default. Therefore, database queries may be performed during view rendering. Explicitly configure spring.jpa.open-in-view to disable this warning
2022-05-04 21:50:35,056 INFO org.springframework.boot.StartupInfoLogger [main] Started GuestBookAppApplication in 13.157 seconds (JVM running for 14.032)
2022-05-04 21:51:41,440 INFO com.guestBook.GuestBookApp.controller.FeedbackController [http-nio-8080-exec-1] sign in user
2022-05-04 21:51:42,986 INFO com.guestBook.GuestBookApp.controller.FeedbackController [http-nio-8080-exec-2] sign in user
2022-05-04 22:57:21,893 INFO com.guestBook.GuestBookApp.controller.FeedbackController [http-nio-8080-exec-5] reistering user
