2022-05-05 14:54:58,970 INFO org.springframework.boot.StartupInfoLogger [main] Starting GuestBookAppApplication using Java 1.8.0_231 on GOPALKRISHAN with PID 15740 (D:\POCWorkSpace\GuestBookApp\target\classes started by Gopalk.Chaturvedi in D:\POCWorkSpace\GuestBookApp)
2022-05-05 14:54:58,978 DEBUG org.springframework.boot.StartupInfoLogger [main] Running with Spring Boot v2.6.7, Spring v5.3.19
2022-05-05 14:54:58,980 INFO org.springframework.boot.SpringApplication [main] No active profile set, falling back to 1 default profile: "default"
2022-05-05 14:55:11,948 WARN org.springframework.boot.autoconfigure.orm.jpa.JpaBaseConfiguration$JpaWebConfiguration [main] spring.jpa.open-in-view is enabled by default. Therefore, database queries may be performed during view rendering. Explicitly configure spring.jpa.open-in-view to disable this warning
2022-05-05 14:55:13,313 INFO org.springframework.boot.StartupInfoLogger [main] Started GuestBookAppApplication in 15.893 seconds (JVM running for 17.43)
2022-05-05 14:55:52,633 INFO com.guestBook.GuestBookApp.controller.FeedbackController [http-nio-8080-exec-1] sign in user
2022-05-05 14:55:52,805 ERROR com.guestBook.GuestBookApp.controller.FeedbackController [http-nio-8080-exec-1] error while login user[Ljava.lang.StackTraceElement;@9576d44
2022-05-05 14:55:53,264 ERROR org.apache.juli.logging.DirectJDKLog [http-nio-8080-exec-1] Servlet.service() for servlet [dispatcherServlet] in context with path [] threw exception [Request processing failed; nested exception is org.springframework.http.converter.HttpMessageConversionException: Type definition error: [simple type, class com.guestBook.GuestBookApp.utility.ResponseDataEntity$2]; nested exception is com.fasterxml.jackson.databind.exc.InvalidDefinitionException: No serializer found for class com.guestBook.GuestBookApp.utility.ResponseDataEntity$2 and no properties discovered to create BeanSerializer (to avoid exception, disable SerializationFeature.FAIL_ON_EMPTY_BEANS) (through reference chain: com.guestBook.GuestBookApp.utility.ResponseDataEntity["data"])] with root cause
com.fasterxml.jackson.databind.exc.InvalidDefinitionException: No serializer found for class com.guestBook.GuestBookApp.utility.ResponseDataEntity$2 and no properties discovered to create BeanSerializer (to avoid exception, disable SerializationFeature.FAIL_ON_EMPTY_BEANS) (through reference chain: com.guestBook.GuestBookApp.utility.ResponseDataEntity["data"])
	at com.fasterxml.jackson.databind.exc.InvalidDefinitionException.from(InvalidDefinitionException.java:77)
	at com.fasterxml.jackson.databind.SerializerProvider.reportBadDefinition(SerializerProvider.java:1300)
	at com.fasterxml.jackson.databind.DatabindContext.reportBadDefinition(DatabindContext.java:400)
	at com.fasterxml.jackson.databind.ser.impl.UnknownSerializer.failForEmpty(UnknownSerializer.java:46)
	at com.fasterxml.jackson.databind.ser.impl.UnknownSerializer.serialize(UnknownSerializer.java:29)
	at com.fasterxml.jackson.databind.ser.BeanPropertyWriter.serializeAsField(BeanPropertyWriter.java:728)
	at com.fasterxml.jackson.databind.ser.std.BeanSerializerBase.serializeFields(BeanSerializerBase.java:774)
	at com.fasterxml.jackson.databind.ser.BeanSerializer.serialize(BeanSerializer.java:178)
	at com.fasterxml.jackson.databind.ser.DefaultSerializerProvider._serialize(DefaultSerializerProvider.java:480)
	at com.fasterxml.jackson.databind.ser.DefaultSerializerProvider.serializeValue(DefaultSerializerProvider.java:319)
	at com.fasterxml.jackson.databind.ObjectWriter$Prefetch.serialize(ObjectWriter.java:1518)
	at com.fasterxml.jackson.databind.ObjectWriter.writeValue(ObjectWriter.java:1007)
	at org.springframework.http.converter.json.AbstractJackson2HttpMessageConverter.writeInternal(AbstractJackson2HttpMessageConverter.java:456)
	at org.springframework.http.converter.AbstractGenericHttpMessageConverter.write(AbstractGenericHttpMessageConverter.java:104)
	at org.springframework.web.servlet.mvc.method.annotation.AbstractMessageConverterMethodProcessor.writeWithMessageConverters(AbstractMessageConverterMethodProcessor.java:290)
	at org.springframework.web.servlet.mvc.method.annotation.RequestResponseBodyMethodProcessor.handleReturnValue(RequestResponseBodyMethodProcessor.java:183)
	at org.springframework.web.method.support.HandlerMethodReturnValueHandlerComposite.handleReturnValue(HandlerMethodReturnValueHandlerComposite.java:78)
	at org.springframework.web.servlet.mvc.method.annotation.ServletInvocableHandlerMethod.invokeAndHandle(ServletInvocableHandlerMethod.java:135)
	at org.springframework.web.servlet.mvc.method.annotation.RequestMappingHandlerAdapter.invokeHandlerMethod(RequestMappingHandlerAdapter.java:895)
	at org.springframework.web.servlet.mvc.method.annotation.RequestMappingHandlerAdapter.handleInternal(RequestMappingHandlerAdapter.java:808)
	at org.springframework.web.servlet.mvc.method.AbstractHandlerMethodAdapter.handle(AbstractHandlerMethodAdapter.java:87)
	at org.springframework.web.servlet.DispatcherServlet.doDispatch(DispatcherServlet.java:1067)
	at org.springframework.web.servlet.DispatcherServlet.doService(DispatcherServlet.java:963)
	at org.springframework.web.servlet.FrameworkServlet.processRequest(FrameworkServlet.java:1006)
	at org.springframework.web.servlet.FrameworkServlet.doGet(FrameworkServlet.java:898)
	at javax.servlet.http.HttpServlet.service(HttpServlet.java:655)
	at org.springframework.web.servlet.FrameworkServlet.service(FrameworkServlet.java:883)
	at javax.servlet.http.HttpServlet.service(HttpServlet.java:764)
	at org.apache.catalina.core.ApplicationFilterChain.internalDoFilter(ApplicationFilterChain.java:227)
	at org.apache.catalina.core.ApplicationFilterChain.doFilter(ApplicationFilterChain.java:162)
	at org.apache.tomcat.websocket.server.WsFilter.doFilter(WsFilter.java:53)
	at org.apache.catalina.core.ApplicationFilterChain.internalDoFilter(ApplicationFilterChain.java:189)
	at org.apache.catalina.core.ApplicationFilterChain.doFilter(ApplicationFilterChain.java:162)
	at org.springframework.web.filter.RequestContextFilter.doFilterInternal(RequestContextFilter.java:100)
	at org.springframework.web.filter.OncePerRequestFilter.doFilter(OncePerRequestFilter.java:117)
	at org.apache.catalina.core.ApplicationFilterChain.internalDoFilter(ApplicationFilterChain.java:189)
	at org.apache.catalina.core.ApplicationFilterChain.doFilter(ApplicationFilterChain.java:162)
	at org.springframework.web.filter.FormContentFilter.doFilterInternal(FormContentFilter.java:93)
	at org.springframework.web.filter.OncePerRequestFilter.doFilter(OncePerRequestFilter.java:117)
	at org.apache.catalina.core.ApplicationFilterChain.internalDoFilter(ApplicationFilterChain.java:189)
	at org.apache.catalina.core.ApplicationFilterChain.doFilter(ApplicationFilterChain.java:162)
	at org.springframework.web.filter.CharacterEncodingFilter.doFilterInternal(CharacterEncodingFilter.java:201)
	at org.springframework.web.filter.OncePerRequestFilter.doFilter(OncePerRequestFilter.java:117)
	at org.apache.catalina.core.ApplicationFilterChain.internalDoFilter(ApplicationFilterChain.java:189)
	at org.apache.catalina.core.ApplicationFilterChain.doFilter(ApplicationFilterChain.java:162)
	at org.apache.catalina.core.StandardWrapperValve.invoke(StandardWrapperValve.java:197)
	at org.apache.catalina.core.StandardContextValve.invoke(StandardContextValve.java:97)
	at org.apache.catalina.authenticator.AuthenticatorBase.invoke(AuthenticatorBase.java:541)
	at org.apache.catalina.core.StandardHostValve.invoke(StandardHostValve.java:135)
	at org.apache.catalina.valves.ErrorReportValve.invoke(ErrorReportValve.java:92)
	at org.apache.catalina.core.StandardEngineValve.invoke(StandardEngineValve.java:78)
	at org.apache.catalina.connector.CoyoteAdapter.service(CoyoteAdapter.java:360)
	at org.apache.coyote.http11.Http11Processor.service(Http11Processor.java:399)
	at org.apache.coyote.AbstractProcessorLight.process(AbstractProcessorLight.java:65)
	at org.apache.coyote.AbstractProtocol$ConnectionHandler.process(AbstractProtocol.java:890)
	at org.apache.tomcat.util.net.NioEndpoint$SocketProcessor.doRun(NioEndpoint.java:1743)
	at org.apache.tomcat.util.net.SocketProcessorBase.run(SocketProcessorBase.java:49)
	at org.apache.tomcat.util.threads.ThreadPoolExecutor.runWorker(ThreadPoolExecutor.java:1191)
	at org.apache.tomcat.util.threads.ThreadPoolExecutor$Worker.run(ThreadPoolExecutor.java:659)
	at org.apache.tomcat.util.threads.TaskThread$WrappingRunnable.run(TaskThread.java:61)
	at java.lang.Thread.run(Thread.java:748)
2022-05-05 14:55:53,919 INFO com.guestBook.GuestBookApp.controller.FeedbackController [http-nio-8080-exec-2] sign in user
2022-05-05 14:55:53,933 ERROR com.guestBook.GuestBookApp.controller.FeedbackController [http-nio-8080-exec-2] error while login user[Ljava.lang.StackTraceElement;@14f6eda4
2022-05-05 14:55:53,938 ERROR org.apache.juli.logging.DirectJDKLog [http-nio-8080-exec-2] Servlet.service() for servlet [dispatcherServlet] in context with path [] threw exception [Request processing failed; nested exception is org.springframework.http.converter.HttpMessageConversionException: Type definition error: [simple type, class com.guestBook.GuestBookApp.utility.ResponseDataEntity$2]; nested exception is com.fasterxml.jackson.databind.exc.InvalidDefinitionException: No serializer found for class com.guestBook.GuestBookApp.utility.ResponseDataEntity$2 and no properties discovered to create BeanSerializer (to avoid exception, disable SerializationFeature.FAIL_ON_EMPTY_BEANS) (through reference chain: com.guestBook.GuestBookApp.utility.ResponseDataEntity["data"])] with root cause
com.fasterxml.jackson.databind.exc.InvalidDefinitionException: No serializer found for class com.guestBook.GuestBookApp.utility.ResponseDataEntity$2 and no properties discovered to create BeanSerializer (to avoid exception, disable SerializationFeature.FAIL_ON_EMPTY_BEANS) (through reference chain: com.guestBook.GuestBookApp.utility.ResponseDataEntity["data"])
	at com.fasterxml.jackson.databind.exc.InvalidDefinitionException.from(InvalidDefinitionException.java:77)
	at com.fasterxml.jackson.databind.SerializerProvider.reportBadDefinition(SerializerProvider.java:1300)
	at com.fasterxml.jackson.databind.DatabindContext.reportBadDefinition(DatabindContext.java:400)
	at com.fasterxml.jackson.databind.ser.impl.UnknownSerializer.failForEmpty(UnknownSerializer.java:46)
	at com.fasterxml.jackson.databind.ser.impl.UnknownSerializer.serialize(UnknownSerializer.java:29)
	at com.fasterxml.jackson.databind.ser.BeanPropertyWriter.serializeAsField(BeanPropertyWriter.java:728)
	at com.fasterxml.jackson.databind.ser.std.BeanSerializerBase.serializeFields(BeanSerializerBase.java:774)
	at com.fasterxml.jackson.databind.ser.BeanSerializer.serialize(BeanSerializer.java:178)
	at com.fasterxml.jackson.databind.ser.DefaultSerializerProvider._serialize(DefaultSerializerProvider.java:480)
	at com.fasterxml.jackson.databind.ser.DefaultSerializerProvider.serializeValue(DefaultSerializerProvider.java:319)
	at com.fasterxml.jackson.databind.ObjectWriter$Prefetch.serialize(ObjectWriter.java:1518)
	at com.fasterxml.jackson.databind.ObjectWriter.writeValue(ObjectWriter.java:1007)
	at org.springframework.http.converter.json.AbstractJackson2HttpMessageConverter.writeInternal(AbstractJackson2HttpMessageConverter.java:456)
	at org.springframework.http.converter.AbstractGenericHttpMessageConverter.write(AbstractGenericHttpMessageConverter.java:104)
	at org.springframework.web.servlet.mvc.method.annotation.AbstractMessageConverterMethodProcessor.writeWithMessageConverters(AbstractMessageConverterMethodProcessor.java:290)
	at org.springframework.web.servlet.mvc.method.annotation.RequestResponseBodyMethodProcessor.handleReturnValue(RequestResponseBodyMethodProcessor.java:183)
	at org.springframework.web.method.support.HandlerMethodReturnValueHandlerComposite.handleReturnValue(HandlerMethodReturnValueHandlerComposite.java:78)
	at org.springframework.web.servlet.mvc.method.annotation.ServletInvocableHandlerMethod.invokeAndHandle(ServletInvocableHandlerMethod.java:135)
	at org.springframework.web.servlet.mvc.method.annotation.RequestMappingHandlerAdapter.invokeHandlerMethod(RequestMappingHandlerAdapter.java:895)
	at org.springframework.web.servlet.mvc.method.annotation.RequestMappingHandlerAdapter.handleInternal(RequestMappingHandlerAdapter.java:808)
	at org.springframework.web.servlet.mvc.method.AbstractHandlerMethodAdapter.handle(AbstractHandlerMethodAdapter.java:87)
	at org.springframework.web.servlet.DispatcherServlet.doDispatch(DispatcherServlet.java:1067)
	at org.springframework.web.servlet.DispatcherServlet.doService(DispatcherServlet.java:963)
	at org.springframework.web.servlet.FrameworkServlet.processRequest(FrameworkServlet.java:1006)
	at org.springframework.web.servlet.FrameworkServlet.doGet(FrameworkServlet.java:898)
	at javax.servlet.http.HttpServlet.service(HttpServlet.java:655)
	at org.springframework.web.servlet.FrameworkServlet.service(FrameworkServlet.java:883)
	at javax.servlet.http.HttpServlet.service(HttpServlet.java:764)
	at org.apache.catalina.core.ApplicationFilterChain.internalDoFilter(ApplicationFilterChain.java:227)
	at org.apache.catalina.core.ApplicationFilterChain.doFilter(ApplicationFilterChain.java:162)
	at org.apache.tomcat.websocket.server.WsFilter.doFilter(WsFilter.java:53)
	at org.apache.catalina.core.ApplicationFilterChain.internalDoFilter(ApplicationFilterChain.java:189)
	at org.apache.catalina.core.ApplicationFilterChain.doFilter(ApplicationFilterChain.java:162)
	at org.springframework.web.filter.RequestContextFilter.doFilterInternal(RequestContextFilter.java:100)
	at org.springframework.web.filter.OncePerRequestFilter.doFilter(OncePerRequestFilter.java:117)
	at org.apache.catalina.core.ApplicationFilterChain.internalDoFilter(ApplicationFilterChain.java:189)
	at org.apache.catalina.core.ApplicationFilterChain.doFilter(ApplicationFilterChain.java:162)
	at org.springframework.web.filter.FormContentFilter.doFilterInternal(FormContentFilter.java:93)
	at org.springframework.web.filter.OncePerRequestFilter.doFilter(OncePerRequestFilter.java:117)
	at org.apache.catalina.core.ApplicationFilterChain.internalDoFilter(ApplicationFilterChain.java:189)
	at org.apache.catalina.core.ApplicationFilterChain.doFilter(ApplicationFilterChain.java:162)
	at org.springframework.web.filter.CharacterEncodingFilter.doFilterInternal(CharacterEncodingFilter.java:201)
	at org.springframework.web.filter.OncePerRequestFilter.doFilter(OncePerRequestFilter.java:117)
	at org.apache.catalina.core.ApplicationFilterChain.internalDoFilter(ApplicationFilterChain.java:189)
	at org.apache.catalina.core.ApplicationFilterChain.doFilter(ApplicationFilterChain.java:162)
	at org.apache.catalina.core.StandardWrapperValve.invoke(StandardWrapperValve.java:197)
	at org.apache.catalina.core.StandardContextValve.invoke(StandardContextValve.java:97)
	at org.apache.catalina.authenticator.AuthenticatorBase.invoke(AuthenticatorBase.java:541)
	at org.apache.catalina.core.StandardHostValve.invoke(StandardHostValve.java:135)
	at org.apache.catalina.valves.ErrorReportValve.invoke(ErrorReportValve.java:92)
	at org.apache.catalina.core.StandardEngineValve.invoke(StandardEngineValve.java:78)
	at org.apache.catalina.connector.CoyoteAdapter.service(CoyoteAdapter.java:360)
	at org.apache.coyote.http11.Http11Processor.service(Http11Processor.java:399)
	at org.apache.coyote.AbstractProcessorLight.process(AbstractProcessorLight.java:65)
	at org.apache.coyote.AbstractProtocol$ConnectionHandler.process(AbstractProtocol.java:890)
	at org.apache.tomcat.util.net.NioEndpoint$SocketProcessor.doRun(NioEndpoint.java:1743)
	at org.apache.tomcat.util.net.SocketProcessorBase.run(SocketProcessorBase.java:49)
	at org.apache.tomcat.util.threads.ThreadPoolExecutor.runWorker(ThreadPoolExecutor.java:1191)
	at org.apache.tomcat.util.threads.ThreadPoolExecutor$Worker.run(ThreadPoolExecutor.java:659)
	at org.apache.tomcat.util.threads.TaskThread$WrappingRunnable.run(TaskThread.java:61)
	at java.lang.Thread.run(Thread.java:748)
2022-05-05 14:58:45,033 INFO com.guestBook.GuestBookApp.controller.FeedbackController [http-nio-8080-exec-3] sign in user
2022-05-05 14:58:46,727 INFO com.guestBook.GuestBookApp.controller.FeedbackController [http-nio-8080-exec-4] sign in user
2022-05-05 15:22:41,549 INFO com.guestBook.GuestBookApp.controller.FeedbackController [http-nio-8080-exec-7] reistering user
2022-05-05 15:52:12,554 INFO org.springframework.boot.StartupInfoLogger [main] Starting GuestBookAppApplication using Java 1.8.0_231 on GOPALKRISHAN with PID 23084 (D:\POCWorkSpace\GuestBookApp\target\classes started by Gopalk.Chaturvedi in D:\POCWorkSpace\GuestBookApp)
2022-05-05 15:52:12,564 DEBUG org.springframework.boot.StartupInfoLogger [main] Running with Spring Boot v2.6.7, Spring v5.3.19
2022-05-05 15:52:12,564 INFO org.springframework.boot.SpringApplication [main] No active profile set, falling back to 1 default profile: "default"
2022-05-05 15:52:25,083 ERROR org.hibernate.hql.internal.ast.ErrorTracker [main] <AST>:1:62: unexpected AST node: .
2022-05-05 15:52:25,092 ERROR org.hibernate.hql.internal.ast.ErrorTracker [main] <AST>:1:62: unexpected AST node: .
antlr.NoViableAltException: unexpected AST node: .
	at org.hibernate.hql.internal.antlr.HqlSqlBaseWalker.logicalExpr(HqlSqlBaseWalker.java:2188)
	at org.hibernate.hql.internal.antlr.HqlSqlBaseWalker.whereClause(HqlSqlBaseWalker.java:841)
	at org.hibernate.hql.internal.antlr.HqlSqlBaseWalker.query(HqlSqlBaseWalker.java:635)
	at org.hibernate.hql.internal.antlr.HqlSqlBaseWalker.selectStatement(HqlSqlBaseWalker.java:339)
	at org.hibernate.hql.internal.antlr.HqlSqlBaseWalker.statement(HqlSqlBaseWalker.java:287)
	at org.hibernate.hql.internal.ast.QueryTranslatorImpl.analyze(QueryTranslatorImpl.java:276)
	at org.hibernate.hql.internal.ast.QueryTranslatorImpl.doCompile(QueryTranslatorImpl.java:192)
	at org.hibernate.hql.internal.ast.QueryTranslatorImpl.compile(QueryTranslatorImpl.java:144)
	at org.hibernate.engine.query.spi.HQLQueryPlan.<init>(HQLQueryPlan.java:113)
	at org.hibernate.engine.query.spi.HQLQueryPlan.<init>(HQLQueryPlan.java:73)
	at org.hibernate.engine.query.spi.QueryPlanCache.getHQLQueryPlan(QueryPlanCache.java:162)
	at org.hibernate.internal.AbstractSharedSessionContract.getQueryPlan(AbstractSharedSessionContract.java:636)
	at org.hibernate.internal.AbstractSharedSessionContract.createQuery(AbstractSharedSessionContract.java:748)
	at org.hibernate.internal.AbstractSharedSessionContract.createQuery(AbstractSharedSessionContract.java:114)
	at sun.reflect.NativeMethodAccessorImpl.invoke0(Native Method)
	at sun.reflect.NativeMethodAccessorImpl.invoke(NativeMethodAccessorImpl.java:62)
	at sun.reflect.DelegatingMethodAccessorImpl.invoke(DelegatingMethodAccessorImpl.java:43)
	at java.lang.reflect.Method.invoke(Method.java:498)
	at org.springframework.orm.jpa.ExtendedEntityManagerCreator$ExtendedEntityManagerInvocationHandler.invoke(ExtendedEntityManagerCreator.java:362)
	at com.sun.proxy.$Proxy94.createQuery(Unknown Source)
	at org.springframework.data.jpa.repository.query.SimpleJpaQuery.validateQuery(SimpleJpaQuery.java:90)
	at org.springframework.data.jpa.repository.query.SimpleJpaQuery.<init>(SimpleJpaQuery.java:66)
	at org.springframework.data.jpa.repository.query.JpaQueryFactory.fromMethodWithQueryString(JpaQueryFactory.java:51)
	at org.springframework.data.jpa.repository.query.JpaQueryLookupStrategy$DeclaredQueryLookupStrategy.resolveQuery(JpaQueryLookupStrategy.java:163)
	at org.springframework.data.jpa.repository.query.JpaQueryLookupStrategy$CreateIfNotFoundQueryLookupStrategy.resolveQuery(JpaQueryLookupStrategy.java:252)
	at org.springframework.data.jpa.repository.query.JpaQueryLookupStrategy$AbstractQueryLookupStrategy.resolveQuery(JpaQueryLookupStrategy.java:87)
	at org.springframework.data.repository.core.support.QueryExecutorMethodInterceptor.lookupQuery(QueryExecutorMethodInterceptor.java:102)
	at org.springframework.data.repository.core.support.QueryExecutorMethodInterceptor.lambda$mapMethodsToQuery$1(QueryExecutorMethodInterceptor.java:94)
	at java.util.stream.ReferencePipeline$3$1.accept(ReferencePipeline.java:193)
	at java.util.Iterator.forEachRemaining(Iterator.java:116)
	at java.util.Collections$UnmodifiableCollection$1.forEachRemaining(Collections.java:1051)
	at java.util.Spliterators$IteratorSpliterator.forEachRemaining(Spliterators.java:1801)
	at java.util.stream.AbstractPipeline.copyInto(AbstractPipeline.java:482)
	at java.util.stream.AbstractPipeline.wrapAndCopyInto(AbstractPipeline.java:472)
	at java.util.stream.ReduceOps$ReduceOp.evaluateSequential(ReduceOps.java:708)
	at java.util.stream.AbstractPipeline.evaluate(AbstractPipeline.java:234)
	at java.util.stream.ReferencePipeline.collect(ReferencePipeline.java:499)
	at org.springframework.data.repository.core.support.QueryExecutorMethodInterceptor.mapMethodsToQuery(QueryExecutorMethodInterceptor.java:96)
	at org.springframework.data.repository.core.support.QueryExecutorMethodInterceptor.lambda$new$0(QueryExecutorMethodInterceptor.java:86)
	at java.util.Optional.map(Optional.java:215)
	at org.springframework.data.repository.core.support.QueryExecutorMethodInterceptor.<init>(QueryExecutorMethodInterceptor.java:86)
	at org.springframework.data.repository.core.support.RepositoryFactorySupport.getRepository(RepositoryFactorySupport.java:364)
	at org.springframework.data.repository.core.support.RepositoryFactoryBeanSupport.lambda$afterPropertiesSet$5(RepositoryFactoryBeanSupport.java:322)
	at org.springframework.data.util.Lazy.getNullable(Lazy.java:230)
	at org.springframework.data.util.Lazy.get(Lazy.java:114)
	at org.springframework.data.repository.core.support.RepositoryFactoryBeanSupport.afterPropertiesSet(RepositoryFactoryBeanSupport.java:328)
	at org.springframework.data.jpa.repository.support.JpaRepositoryFactoryBean.afterPropertiesSet(JpaRepositoryFactoryBean.java:144)
	at org.springframework.beans.factory.support.AbstractAutowireCapableBeanFactory.invokeInitMethods(AbstractAutowireCapableBeanFactory.java:1863)
	at org.springframework.beans.factory.support.AbstractAutowireCapableBeanFactory.initializeBean(AbstractAutowireCapableBeanFactory.java:1800)
	at org.springframework.beans.factory.support.AbstractAutowireCapableBeanFactory.doCreateBean(AbstractAutowireCapableBeanFactory.java:620)
	at org.springframework.beans.factory.support.AbstractAutowireCapableBeanFactory.createBean(AbstractAutowireCapableBeanFactory.java:542)
	at org.springframework.beans.factory.support.AbstractBeanFactory.lambda$doGetBean$0(AbstractBeanFactory.java:335)
	at org.springframework.beans.factory.support.DefaultSingletonBeanRegistry.getSingleton(DefaultSingletonBeanRegistry.java:234)
	at org.springframework.beans.factory.support.AbstractBeanFactory.doGetBean(AbstractBeanFactory.java:333)
	at org.springframework.beans.factory.support.AbstractBeanFactory.getBean(AbstractBeanFactory.java:208)
	at org.springframework.beans.factory.config.DependencyDescriptor.resolveCandidate(DependencyDescriptor.java:276)
	at org.springframework.beans.factory.support.DefaultListableBeanFactory.doResolveDependency(DefaultListableBeanFactory.java:1389)
	at org.springframework.beans.factory.support.DefaultListableBeanFactory.resolveDependency(DefaultListableBeanFactory.java:1309)
	at org.springframework.beans.factory.annotation.AutowiredAnnotationBeanPostProcessor$AutowiredFieldElement.resolveFieldValue(AutowiredAnnotationBeanPostProcessor.java:656)
	at org.springframework.beans.factory.annotation.AutowiredAnnotationBeanPostProcessor$AutowiredFieldElement.inject(AutowiredAnnotationBeanPostProcessor.java:639)
	at org.springframework.beans.factory.annotation.InjectionMetadata.inject(InjectionMetadata.java:119)
	at org.springframework.beans.factory.annotation.AutowiredAnnotationBeanPostProcessor.postProcessProperties(AutowiredAnnotationBeanPostProcessor.java:399)
	at org.springframework.beans.factory.support.AbstractAutowireCapableBeanFactory.populateBean(AbstractAutowireCapableBeanFactory.java:1431)
	at org.springframework.beans.factory.support.AbstractAutowireCapableBeanFactory.doCreateBean(AbstractAutowireCapableBeanFactory.java:619)
	at org.springframework.beans.factory.support.AbstractAutowireCapableBeanFactory.createBean(AbstractAutowireCapableBeanFactory.java:542)
	at org.springframework.beans.factory.support.AbstractBeanFactory.lambda$doGetBean$0(AbstractBeanFactory.java:335)
	at org.springframework.beans.factory.support.DefaultSingletonBeanRegistry.getSingleton(DefaultSingletonBeanRegistry.java:234)
	at org.springframework.beans.factory.support.AbstractBeanFactory.doGetBean(AbstractBeanFactory.java:333)
	at org.springframework.beans.factory.support.AbstractBeanFactory.getBean(AbstractBeanFactory.java:208)
	at org.springframework.beans.factory.config.DependencyDescriptor.resolveCandidate(DependencyDescriptor.java:276)
	at org.springframework.beans.factory.support.DefaultListableBeanFactory.doResolveDependency(DefaultListableBeanFactory.java:1389)
	at org.springframework.beans.factory.support.DefaultListableBeanFactory.resolveDependency(DefaultListableBeanFactory.java:1309)
	at org.springframework.beans.factory.annotation.AutowiredAnnotationBeanPostProcessor$AutowiredFieldElement.resolveFieldValue(AutowiredAnnotationBeanPostProcessor.java:656)
	at org.springframework.beans.factory.annotation.AutowiredAnnotationBeanPostProcessor$AutowiredFieldElement.inject(AutowiredAnnotationBeanPostProcessor.java:639)
	at org.springframework.beans.factory.annotation.InjectionMetadata.inject(InjectionMetadata.java:119)
	at org.springframework.beans.factory.annotation.AutowiredAnnotationBeanPostProcessor.postProcessProperties(AutowiredAnnotationBeanPostProcessor.java:399)
	at org.springframework.beans.factory.support.AbstractAutowireCapableBeanFactory.populateBean(AbstractAutowireCapableBeanFactory.java:1431)
	at org.springframework.beans.factory.support.AbstractAutowireCapableBeanFactory.doCreateBean(AbstractAutowireCapableBeanFactory.java:619)
	at org.springframework.beans.factory.support.AbstractAutowireCapableBeanFactory.createBean(AbstractAutowireCapableBeanFactory.java:542)
	at org.springframework.beans.factory.support.AbstractBeanFactory.lambda$doGetBean$0(AbstractBeanFactory.java:335)
	at org.springframework.beans.factory.support.DefaultSingletonBeanRegistry.getSingleton(DefaultSingletonBeanRegistry.java:234)
	at org.springframework.beans.factory.support.AbstractBeanFactory.doGetBean(AbstractBeanFactory.java:333)
	at org.springframework.beans.factory.support.AbstractBeanFactory.getBean(AbstractBeanFactory.java:208)
	at org.springframework.beans.factory.support.DefaultListableBeanFactory.preInstantiateSingletons(DefaultListableBeanFactory.java:953)
	at org.springframework.context.support.AbstractApplicationContext.finishBeanFactoryInitialization(AbstractApplicationContext.java:918)
	at org.springframework.context.support.AbstractApplicationContext.refresh(AbstractApplicationContext.java:583)
	at org.springframework.boot.web.servlet.context.ServletWebServerApplicationContext.refresh(ServletWebServerApplicationContext.java:145)
	at org.springframework.boot.SpringApplication.refresh(SpringApplication.java:740)
	at org.springframework.boot.SpringApplication.refreshContext(SpringApplication.java:415)
	at org.springframework.boot.SpringApplication.run(SpringApplication.java:303)
	at org.springframework.boot.SpringApplication.run(SpringApplication.java:1312)
	at org.springframework.boot.SpringApplication.run(SpringApplication.java:1301)
	at com.guestBook.GuestBookApp.GuestBookAppApplication.main(GuestBookAppApplication.java:13)
2022-05-05 15:52:25,094 WARN org.springframework.context.support.AbstractApplicationContext [main] Exception encountered during context initialization - cancelling refresh attempt: org.springframework.beans.factory.UnsatisfiedDependencyException: Error creating bean with name 'feedbackController': Unsatisfied dependency expressed through field 'userService'; nested exception is org.springframework.beans.factory.UnsatisfiedDependencyException: Error creating bean with name 'userServiceImpl': Unsatisfied dependency expressed through field 'userEntriesRepository'; nested exception is org.springframework.beans.factory.BeanCreationException: Error creating bean with name 'userEntriesRepository' defined in com.guestBook.GuestBookApp.repository.UserEntriesRepository defined in @EnableJpaRepositories declared on JpaRepositoriesRegistrar.EnableJpaRepositoriesConfiguration: Invocation of init method failed; nested exception is org.springframework.data.repository.query.QueryCreationException: Could not create query for public abstract antlr.collections.List com.guestBook.GuestBookApp.repository.UserEntriesRepository.getEntriesList()! Reason: Validation failed for query for method public abstract antlr.collections.List com.guestBook.GuestBookApp.repository.UserEntriesRepository.getEntriesList()!; nested exception is java.lang.IllegalArgumentException: Validation failed for query for method public abstract antlr.collections.List com.guestBook.GuestBookApp.repository.UserEntriesRepository.getEntriesList()!
2022-05-05 15:52:25,762 ERROR org.springframework.boot.SpringApplication [main] Application run failed
org.springframework.beans.factory.UnsatisfiedDependencyException: Error creating bean with name 'feedbackController': Unsatisfied dependency expressed through field 'userService'; nested exception is org.springframework.beans.factory.UnsatisfiedDependencyException: Error creating bean with name 'userServiceImpl': Unsatisfied dependency expressed through field 'userEntriesRepository'; nested exception is org.springframework.beans.factory.BeanCreationException: Error creating bean with name 'userEntriesRepository' defined in com.guestBook.GuestBookApp.repository.UserEntriesRepository defined in @EnableJpaRepositories declared on JpaRepositoriesRegistrar.EnableJpaRepositoriesConfiguration: Invocation of init method failed; nested exception is org.springframework.data.repository.query.QueryCreationException: Could not create query for public abstract antlr.collections.List com.guestBook.GuestBookApp.repository.UserEntriesRepository.getEntriesList()! Reason: Validation failed for query for method public abstract antlr.collections.List com.guestBook.GuestBookApp.repository.UserEntriesRepository.getEntriesList()!; nested exception is java.lang.IllegalArgumentException: Validation failed for query for method public abstract antlr.collections.List com.guestBook.GuestBookApp.repository.UserEntriesRepository.getEntriesList()!
	at org.springframework.beans.factory.annotation.AutowiredAnnotationBeanPostProcessor$AutowiredFieldElement.resolveFieldValue(AutowiredAnnotationBeanPostProcessor.java:659)
	at org.springframework.beans.factory.annotation.AutowiredAnnotationBeanPostProcessor$AutowiredFieldElement.inject(AutowiredAnnotationBeanPostProcessor.java:639)
	at org.springframework.beans.factory.annotation.InjectionMetadata.inject(InjectionMetadata.java:119)
	at org.springframework.beans.factory.annotation.AutowiredAnnotationBeanPostProcessor.postProcessProperties(AutowiredAnnotationBeanPostProcessor.java:399)
	at org.springframework.beans.factory.support.AbstractAutowireCapableBeanFactory.populateBean(AbstractAutowireCapableBeanFactory.java:1431)
	at org.springframework.beans.factory.support.AbstractAutowireCapableBeanFactory.doCreateBean(AbstractAutowireCapableBeanFactory.java:619)
	at org.springframework.beans.factory.support.AbstractAutowireCapableBeanFactory.createBean(AbstractAutowireCapableBeanFactory.java:542)
	at org.springframework.beans.factory.support.AbstractBeanFactory.lambda$doGetBean$0(AbstractBeanFactory.java:335)
	at org.springframework.beans.factory.support.DefaultSingletonBeanRegistry.getSingleton(DefaultSingletonBeanRegistry.java:234)
	at org.springframework.beans.factory.support.AbstractBeanFactory.doGetBean(AbstractBeanFactory.java:333)
	at org.springframework.beans.factory.support.AbstractBeanFactory.getBean(AbstractBeanFactory.java:208)
	at org.springframework.beans.factory.support.DefaultListableBeanFactory.preInstantiateSingletons(DefaultListableBeanFactory.java:953)
	at org.springframework.context.support.AbstractApplicationContext.finishBeanFactoryInitialization(AbstractApplicationContext.java:918)
	at org.springframework.context.support.AbstractApplicationContext.refresh(AbstractApplicationContext.java:583)
	at org.springframework.boot.web.servlet.context.ServletWebServerApplicationContext.refresh(ServletWebServerApplicationContext.java:145)
	at org.springframework.boot.SpringApplication.refresh(SpringApplication.java:740)
	at org.springframework.boot.SpringApplication.refreshContext(SpringApplication.java:415)
	at org.springframework.boot.SpringApplication.run(SpringApplication.java:303)
	at org.springframework.boot.SpringApplication.run(SpringApplication.java:1312)
	at org.springframework.boot.SpringApplication.run(SpringApplication.java:1301)
	at com.guestBook.GuestBookApp.GuestBookAppApplication.main(GuestBookAppApplication.java:13)
Caused by: org.springframework.beans.factory.UnsatisfiedDependencyException: Error creating bean with name 'userServiceImpl': Unsatisfied dependency expressed through field 'userEntriesRepository'; nested exception is org.springframework.beans.factory.BeanCreationException: Error creating bean with name 'userEntriesRepository' defined in com.guestBook.GuestBookApp.repository.UserEntriesRepository defined in @EnableJpaRepositories declared on JpaRepositoriesRegistrar.EnableJpaRepositoriesConfiguration: Invocation of init method failed; nested exception is org.springframework.data.repository.query.QueryCreationException: Could not create query for public abstract antlr.collections.List com.guestBook.GuestBookApp.repository.UserEntriesRepository.getEntriesList()! Reason: Validation failed for query for method public abstract antlr.collections.List com.guestBook.GuestBookApp.repository.UserEntriesRepository.getEntriesList()!; nested exception is java.lang.IllegalArgumentException: Validation failed for query for method public abstract antlr.collections.List com.guestBook.GuestBookApp.repository.UserEntriesRepository.getEntriesList()!
	at org.springframework.beans.factory.annotation.AutowiredAnnotationBeanPostProcessor$AutowiredFieldElement.resolveFieldValue(AutowiredAnnotationBeanPostProcessor.java:659)
	at org.springframework.beans.factory.annotation.AutowiredAnnotationBeanPostProcessor$AutowiredFieldElement.inject(AutowiredAnnotationBeanPostProcessor.java:639)
	at org.springframework.beans.factory.annotation.InjectionMetadata.inject(InjectionMetadata.java:119)
	at org.springframework.beans.factory.annotation.AutowiredAnnotationBeanPostProcessor.postProcessProperties(AutowiredAnnotationBeanPostProcessor.java:399)
	at org.springframework.beans.factory.support.AbstractAutowireCapableBeanFactory.populateBean(AbstractAutowireCapableBeanFactory.java:1431)
	at org.springframework.beans.factory.support.AbstractAutowireCapableBeanFactory.doCreateBean(AbstractAutowireCapableBeanFactory.java:619)
	at org.springframework.beans.factory.support.AbstractAutowireCapableBeanFactory.createBean(AbstractAutowireCapableBeanFactory.java:542)
	at org.springframework.beans.factory.support.AbstractBeanFactory.lambda$doGetBean$0(AbstractBeanFactory.java:335)
	at org.springframework.beans.factory.support.DefaultSingletonBeanRegistry.getSingleton(DefaultSingletonBeanRegistry.java:234)
	at org.springframework.beans.factory.support.AbstractBeanFactory.doGetBean(AbstractBeanFactory.java:333)
	at org.springframework.beans.factory.support.AbstractBeanFactory.getBean(AbstractBeanFactory.java:208)
	at org.springframework.beans.factory.config.DependencyDescriptor.resolveCandidate(DependencyDescriptor.java:276)
	at org.springframework.beans.factory.support.DefaultListableBeanFactory.doResolveDependency(DefaultListableBeanFactory.java:1389)
	at org.springframework.beans.factory.support.DefaultListableBeanFactory.resolveDependency(DefaultListableBeanFactory.java:1309)
	at org.springframework.beans.factory.annotation.AutowiredAnnotationBeanPostProcessor$AutowiredFieldElement.resolveFieldValue(AutowiredAnnotationBeanPostProcessor.java:656)
	... 20 common frames omitted
Caused by: org.springframework.beans.factory.BeanCreationException: Error creating bean with name 'userEntriesRepository' defined in com.guestBook.GuestBookApp.repository.UserEntriesRepository defined in @EnableJpaRepositories declared on JpaRepositoriesRegistrar.EnableJpaRepositoriesConfiguration: Invocation of init method failed; nested exception is org.springframework.data.repository.query.QueryCreationException: Could not create query for public abstract antlr.collections.List com.guestBook.GuestBookApp.repository.UserEntriesRepository.getEntriesList()! Reason: Validation failed for query for method public abstract antlr.collections.List com.guestBook.GuestBookApp.repository.UserEntriesRepository.getEntriesList()!; nested exception is java.lang.IllegalArgumentException: Validation failed for query for method public abstract antlr.collections.List com.guestBook.GuestBookApp.repository.UserEntriesRepository.getEntriesList()!
	at org.springframework.beans.factory.support.AbstractAutowireCapableBeanFactory.initializeBean(AbstractAutowireCapableBeanFactory.java:1804)
	at org.springframework.beans.factory.support.AbstractAutowireCapableBeanFactory.doCreateBean(AbstractAutowireCapableBeanFactory.java:620)
	at org.springframework.beans.factory.support.AbstractAutowireCapableBeanFactory.createBean(AbstractAutowireCapableBeanFactory.java:542)
	at org.springframework.beans.factory.support.AbstractBeanFactory.lambda$doGetBean$0(AbstractBeanFactory.java:335)
	at org.springframework.beans.factory.support.DefaultSingletonBeanRegistry.getSingleton(DefaultSingletonBeanRegistry.java:234)
	at org.springframework.beans.factory.support.AbstractBeanFactory.doGetBean(AbstractBeanFactory.java:333)
	at org.springframework.beans.factory.support.AbstractBeanFactory.getBean(AbstractBeanFactory.java:208)
	at org.springframework.beans.factory.config.DependencyDescriptor.resolveCandidate(DependencyDescriptor.java:276)
	at org.springframework.beans.factory.support.DefaultListableBeanFactory.doResolveDependency(DefaultListableBeanFactory.java:1389)
	at org.springframework.beans.factory.support.DefaultListableBeanFactory.resolveDependency(DefaultListableBeanFactory.java:1309)
	at org.springframework.beans.factory.annotation.AutowiredAnnotationBeanPostProcessor$AutowiredFieldElement.resolveFieldValue(AutowiredAnnotationBeanPostProcessor.java:656)
	... 34 common frames omitted
Caused by: org.springframework.data.repository.query.QueryCreationException: Could not create query for public abstract antlr.collections.List com.guestBook.GuestBookApp.repository.UserEntriesRepository.getEntriesList()! Reason: Validation failed for query for method public abstract antlr.collections.List com.guestBook.GuestBookApp.repository.UserEntriesRepository.getEntriesList()!; nested exception is java.lang.IllegalArgumentException: Validation failed for query for method public abstract antlr.collections.List com.guestBook.GuestBookApp.repository.UserEntriesRepository.getEntriesList()!
	at org.springframework.data.repository.query.QueryCreationException.create(QueryCreationException.java:101)
	at org.springframework.data.repository.core.support.QueryExecutorMethodInterceptor.lookupQuery(QueryExecutorMethodInterceptor.java:106)
	at org.springframework.data.repository.core.support.QueryExecutorMethodInterceptor.lambda$mapMethodsToQuery$1(QueryExecutorMethodInterceptor.java:94)
	at java.util.stream.ReferencePipeline$3$1.accept(ReferencePipeline.java:193)
	at java.util.Iterator.forEachRemaining(Iterator.java:116)
	at java.util.Collections$UnmodifiableCollection$1.forEachRemaining(Collections.java:1051)
	at java.util.Spliterators$IteratorSpliterator.forEachRemaining(Spliterators.java:1801)
	at java.util.stream.AbstractPipeline.copyInto(AbstractPipeline.java:482)
	at java.util.stream.AbstractPipeline.wrapAndCopyInto(AbstractPipeline.java:472)
	at java.util.stream.ReduceOps$ReduceOp.evaluateSequential(ReduceOps.java:708)
	at java.util.stream.AbstractPipeline.evaluate(AbstractPipeline.java:234)
	at java.util.stream.ReferencePipeline.collect(ReferencePipeline.java:499)
	at org.springframework.data.repository.core.support.QueryExecutorMethodInterceptor.mapMethodsToQuery(QueryExecutorMethodInterceptor.java:96)
	at org.springframework.data.repository.core.support.QueryExecutorMethodInterceptor.lambda$new$0(QueryExecutorMethodInterceptor.java:86)
	at java.util.Optional.map(Optional.java:215)
	at org.springframework.data.repository.core.support.QueryExecutorMethodInterceptor.<init>(QueryExecutorMethodInterceptor.java:86)
	at org.springframework.data.repository.core.support.RepositoryFactorySupport.getRepository(RepositoryFactorySupport.java:364)
	at org.springframework.data.repository.core.support.RepositoryFactoryBeanSupport.lambda$afterPropertiesSet$5(RepositoryFactoryBeanSupport.java:322)
	at org.springframework.data.util.Lazy.getNullable(Lazy.java:230)
	at org.springframework.data.util.Lazy.get(Lazy.java:114)
	at org.springframework.data.repository.core.support.RepositoryFactoryBeanSupport.afterPropertiesSet(RepositoryFactoryBeanSupport.java:328)
	at org.springframework.data.jpa.repository.support.JpaRepositoryFactoryBean.afterPropertiesSet(JpaRepositoryFactoryBean.java:144)
	at org.springframework.beans.factory.support.AbstractAutowireCapableBeanFactory.invokeInitMethods(AbstractAutowireCapableBeanFactory.java:1863)
	at org.springframework.beans.factory.support.AbstractAutowireCapableBeanFactory.initializeBean(AbstractAutowireCapableBeanFactory.java:1800)
	... 44 common frames omitted
Caused by: java.lang.IllegalArgumentException: Validation failed for query for method public abstract antlr.collections.List com.guestBook.GuestBookApp.repository.UserEntriesRepository.getEntriesList()!
	at org.springframework.data.jpa.repository.query.SimpleJpaQuery.validateQuery(SimpleJpaQuery.java:96)
	at org.springframework.data.jpa.repository.query.SimpleJpaQuery.<init>(SimpleJpaQuery.java:66)
	at org.springframework.data.jpa.repository.query.JpaQueryFactory.fromMethodWithQueryString(JpaQueryFactory.java:51)
	at org.springframework.data.jpa.repository.query.JpaQueryLookupStrategy$DeclaredQueryLookupStrategy.resolveQuery(JpaQueryLookupStrategy.java:163)
	at org.springframework.data.jpa.repository.query.JpaQueryLookupStrategy$CreateIfNotFoundQueryLookupStrategy.resolveQuery(JpaQueryLookupStrategy.java:252)
	at org.springframework.data.jpa.repository.query.JpaQueryLookupStrategy$AbstractQueryLookupStrategy.resolveQuery(JpaQueryLookupStrategy.java:87)
	at org.springframework.data.repository.core.support.QueryExecutorMethodInterceptor.lookupQuery(QueryExecutorMethodInterceptor.java:102)
	... 66 common frames omitted
Caused by: java.lang.IllegalArgumentException: org.hibernate.hql.internal.ast.QuerySyntaxException: unexpected AST node: . near line 1, column 62 [SELECT c FROM com.guestBook.GuestBookApp.model.User c WHERE c.UserEntries]
	at org.hibernate.internal.ExceptionConverterImpl.convert(ExceptionConverterImpl.java:138)
	at org.hibernate.internal.ExceptionConverterImpl.convert(ExceptionConverterImpl.java:181)
	at org.hibernate.internal.ExceptionConverterImpl.convert(ExceptionConverterImpl.java:188)
	at org.hibernate.internal.AbstractSharedSessionContract.createQuery(AbstractSharedSessionContract.java:757)
	at org.hibernate.internal.AbstractSharedSessionContract.createQuery(AbstractSharedSessionContract.java:114)
	at sun.reflect.NativeMethodAccessorImpl.invoke0(Native Method)
	at sun.reflect.NativeMethodAccessorImpl.invoke(NativeMethodAccessorImpl.java:62)
	at sun.reflect.DelegatingMethodAccessorImpl.invoke(DelegatingMethodAccessorImpl.java:43)
	at java.lang.reflect.Method.invoke(Method.java:498)
	at org.springframework.orm.jpa.ExtendedEntityManagerCreator$ExtendedEntityManagerInvocationHandler.invoke(ExtendedEntityManagerCreator.java:362)
	at com.sun.proxy.$Proxy94.createQuery(Unknown Source)
	at org.springframework.data.jpa.repository.query.SimpleJpaQuery.validateQuery(SimpleJpaQuery.java:90)
	... 72 common frames omitted
Caused by: org.hibernate.hql.internal.ast.QuerySyntaxException: unexpected AST node: . near line 1, column 62 [SELECT c FROM com.guestBook.GuestBookApp.model.User c WHERE c.UserEntries]
	at org.hibernate.hql.internal.ast.QuerySyntaxException.convert(QuerySyntaxException.java:74)
	at org.hibernate.hql.internal.ast.ErrorTracker.throwQueryException(ErrorTracker.java:93)
	at org.hibernate.hql.internal.ast.QueryTranslatorImpl.analyze(QueryTranslatorImpl.java:282)
	at org.hibernate.hql.internal.ast.QueryTranslatorImpl.doCompile(QueryTranslatorImpl.java:192)
	at org.hibernate.hql.internal.ast.QueryTranslatorImpl.compile(QueryTranslatorImpl.java:144)
	at org.hibernate.engine.query.spi.HQLQueryPlan.<init>(HQLQueryPlan.java:113)
	at org.hibernate.engine.query.spi.HQLQueryPlan.<init>(HQLQueryPlan.java:73)
	at org.hibernate.engine.query.spi.QueryPlanCache.getHQLQueryPlan(QueryPlanCache.java:162)
	at org.hibernate.internal.AbstractSharedSessionContract.getQueryPlan(AbstractSharedSessionContract.java:636)
	at org.hibernate.internal.AbstractSharedSessionContract.createQuery(AbstractSharedSessionContract.java:748)
	... 80 common frames omitted
2022-05-05 15:53:32,383 INFO org.springframework.boot.StartupInfoLogger [main] Starting GuestBookAppApplication using Java 1.8.0_231 on GOPALKRISHAN with PID 6364 (D:\POCWorkSpace\GuestBookApp\target\classes started by Gopalk.Chaturvedi in D:\POCWorkSpace\GuestBookApp)
2022-05-05 15:53:32,393 DEBUG org.springframework.boot.StartupInfoLogger [main] Running with Spring Boot v2.6.7, Spring v5.3.19
2022-05-05 15:53:32,395 INFO org.springframework.boot.SpringApplication [main] No active profile set, falling back to 1 default profile: "default"
2022-05-05 15:53:43,314 WARN org.springframework.boot.autoconfigure.orm.jpa.JpaBaseConfiguration$JpaWebConfiguration [main] spring.jpa.open-in-view is enabled by default. Therefore, database queries may be performed during view rendering. Explicitly configure spring.jpa.open-in-view to disable this warning
2022-05-05 15:53:44,521 INFO org.springframework.boot.StartupInfoLogger [main] Started GuestBookAppApplication in 13.54 seconds (JVM running for 14.806)
2022-05-05 16:01:27,369 INFO com.guestBook.GuestBookApp.controller.FeedbackController [http-nio-8080-exec-2] getting user entries data 
2022-05-05 16:01:27,715 INFO com.guestBook.GuestBookApp.controller.FeedbackController [http-nio-8080-exec-3] reistering user
2022-05-05 16:04:18,809 INFO com.guestBook.GuestBookApp.controller.FeedbackController [http-nio-8080-exec-6] getting user entries data 
2022-05-05 16:04:18,825 ERROR com.guestBook.GuestBookApp.controller.FeedbackController [http-nio-8080-exec-6] error while reistering user[Ljava.lang.StackTraceElement;@1f187711
2022-05-05 16:05:14,416 INFO org.springframework.boot.StartupInfoLogger [main] Starting GuestBookAppApplication using Java 1.8.0_231 on GOPALKRISHAN with PID 22024 (D:\POCWorkSpace\GuestBookApp\target\classes started by Gopalk.Chaturvedi in D:\POCWorkSpace\GuestBookApp)
2022-05-05 16:05:14,418 DEBUG org.springframework.boot.StartupInfoLogger [main] Running with Spring Boot v2.6.7, Spring v5.3.19
2022-05-05 16:05:14,428 INFO org.springframework.boot.SpringApplication [main] No active profile set, falling back to 1 default profile: "default"
2022-05-05 16:05:25,175 WARN org.springframework.boot.autoconfigure.orm.jpa.JpaBaseConfiguration$JpaWebConfiguration [main] spring.jpa.open-in-view is enabled by default. Therefore, database queries may be performed during view rendering. Explicitly configure spring.jpa.open-in-view to disable this warning
2022-05-05 16:05:26,467 INFO org.springframework.boot.StartupInfoLogger [main] Started GuestBookAppApplication in 13.34 seconds (JVM running for 14.997)
2022-05-05 16:06:05,604 INFO com.guestBook.GuestBookApp.controller.FeedbackController [http-nio-8080-exec-1] getting user entries data 
2022-05-05 16:06:05,760 ERROR com.guestBook.GuestBookApp.controller.FeedbackController [http-nio-8080-exec-1] error while reistering user[Ljava.lang.StackTraceElement;@42872911
2022-05-05 16:17:20,610 INFO org.springframework.boot.StartupInfoLogger [main] Starting GuestBookAppApplication using Java 1.8.0_231 on GOPALKRISHAN with PID 22820 (D:\POCWorkSpace\GuestBookApp\target\classes started by Gopalk.Chaturvedi in D:\POCWorkSpace\GuestBookApp)
2022-05-05 16:17:20,624 DEBUG org.springframework.boot.StartupInfoLogger [main] Running with Spring Boot v2.6.7, Spring v5.3.19
2022-05-05 16:17:20,626 INFO org.springframework.boot.SpringApplication [main] No active profile set, falling back to 1 default profile: "default"
2022-05-05 16:17:34,025 WARN org.springframework.boot.autoconfigure.orm.jpa.JpaBaseConfiguration$JpaWebConfiguration [main] spring.jpa.open-in-view is enabled by default. Therefore, database queries may be performed during view rendering. Explicitly configure spring.jpa.open-in-view to disable this warning
2022-05-05 16:17:35,359 INFO org.springframework.boot.StartupInfoLogger [main] Started GuestBookAppApplication in 17.223 seconds (JVM running for 18.551)
2022-05-05 16:17:39,757 INFO com.guestBook.GuestBookApp.controller.FeedbackController [http-nio-8080-exec-1] getting user entries data 
2022-05-05 16:18:40,875 INFO com.guestBook.GuestBookApp.controller.FeedbackController [http-nio-8080-exec-3] getting user entries data 
2022-05-05 16:22:09,559 INFO com.guestBook.GuestBookApp.controller.FeedbackController [http-nio-8080-exec-5] getting user entries data 
2022-05-05 16:22:43,829 INFO com.guestBook.GuestBookApp.controller.FeedbackController [http-nio-8080-exec-6] getting user entries data 
2022-05-05 16:24:34,104 INFO com.guestBook.GuestBookApp.controller.FeedbackController [http-nio-8080-exec-8] getting user entries data 
2022-05-05 16:25:45,108 INFO com.guestBook.GuestBookApp.controller.FeedbackController [http-nio-8080-exec-10] getting user entries data 
2022-05-05 16:27:44,050 INFO com.guestBook.GuestBookApp.controller.FeedbackController [http-nio-8080-exec-2] getting user entries data 
2022-05-05 16:30:07,579 INFO com.guestBook.GuestBookApp.controller.FeedbackController [http-nio-8080-exec-4] getting user entries data 
2022-05-05 16:32:28,874 INFO com.guestBook.GuestBookApp.controller.FeedbackController [http-nio-8080-exec-6] getting user entries data 
2022-05-05 16:45:32,460 INFO com.guestBook.GuestBookApp.controller.FeedbackController [http-nio-8080-exec-8] getting user entries data 
2022-05-05 16:47:59,582 INFO com.guestBook.GuestBookApp.controller.FeedbackController [http-nio-8080-exec-10] getting user entries data 
2022-05-05 16:49:48,043 INFO com.guestBook.GuestBookApp.controller.FeedbackController [http-nio-8080-exec-2] getting user entries data 
2022-05-05 16:49:57,224 INFO com.guestBook.GuestBookApp.controller.FeedbackController [http-nio-8080-exec-3] getting user entries data 
2022-05-05 16:50:57,233 INFO com.guestBook.GuestBookApp.controller.FeedbackController [http-nio-8080-exec-4] getting user entries data 
2022-05-05 16:52:21,572 INFO com.guestBook.GuestBookApp.controller.FeedbackController [http-nio-8080-exec-6] getting user entries data 
2022-05-05 16:52:52,279 INFO com.guestBook.GuestBookApp.controller.FeedbackController [http-nio-8080-exec-7] getting user entries data 
2022-05-05 16:53:48,596 INFO com.guestBook.GuestBookApp.controller.FeedbackController [http-nio-8080-exec-8] getting user entries data 
2022-05-05 16:54:05,603 INFO com.guestBook.GuestBookApp.controller.FeedbackController [http-nio-8080-exec-9] getting user entries data 
2022-05-05 16:54:42,227 INFO com.guestBook.GuestBookApp.controller.FeedbackController [http-nio-8080-exec-10] getting user entries data 
2022-05-05 16:55:17,428 INFO com.guestBook.GuestBookApp.controller.FeedbackController [http-nio-8080-exec-1] getting user entries data 
2022-05-05 16:55:45,050 INFO com.guestBook.GuestBookApp.controller.FeedbackController [http-nio-8080-exec-2] getting user entries data 
2022-05-05 16:56:43,662 INFO com.guestBook.GuestBookApp.controller.FeedbackController [http-nio-8080-exec-3] getting user entries data 
2022-05-05 17:12:08,719 INFO com.guestBook.GuestBookApp.controller.FeedbackController [http-nio-8080-exec-5] getting user entries data 
2022-05-05 17:13:08,389 INFO com.guestBook.GuestBookApp.controller.FeedbackController [http-nio-8080-exec-6] getting user entries data 
2022-05-05 17:13:48,598 INFO com.guestBook.GuestBookApp.controller.FeedbackController [http-nio-8080-exec-7] getting user entries data 
2022-05-05 17:15:08,547 INFO com.guestBook.GuestBookApp.controller.FeedbackController [http-nio-8080-exec-9] getting user entries data 
2022-05-05 17:18:00,291 INFO com.guestBook.GuestBookApp.controller.FeedbackController [http-nio-8080-exec-1] getting user entries data 
2022-05-05 17:21:57,480 INFO com.guestBook.GuestBookApp.controller.FeedbackController [http-nio-8080-exec-3] getting user entries data 
2022-05-05 18:03:06,614 INFO org.springframework.boot.StartupInfoLogger [main] Starting GuestBookAppApplication using Java 1.8.0_231 on GOPALKRISHAN with PID 5212 (D:\POCWorkSpace\GuestBookApp\target\classes started by Gopalk.Chaturvedi in D:\POCWorkSpace\GuestBookApp)
2022-05-05 18:03:06,624 DEBUG org.springframework.boot.StartupInfoLogger [main] Running with Spring Boot v2.6.7, Spring v5.3.19
2022-05-05 18:03:06,624 INFO org.springframework.boot.SpringApplication [main] No active profile set, falling back to 1 default profile: "default"
2022-05-05 18:03:16,697 WARN org.springframework.boot.autoconfigure.orm.jpa.JpaBaseConfiguration$JpaWebConfiguration [main] spring.jpa.open-in-view is enabled by default. Therefore, database queries may be performed during view rendering. Explicitly configure spring.jpa.open-in-view to disable this warning
2022-05-05 18:03:17,653 INFO org.springframework.boot.StartupInfoLogger [main] Started GuestBookAppApplication in 12.136 seconds (JVM running for 13.093)
2022-05-05 18:03:56,197 INFO com.guestBook.GuestBookApp.controller.FeedbackController [http-nio-8080-exec-1] getting user entries data 
2022-05-05 18:04:09,925 INFO com.guestBook.GuestBookApp.controller.FeedbackController [http-nio-8080-exec-2] getting user entries data 
2022-05-05 18:07:08,954 INFO com.guestBook.GuestBookApp.controller.FeedbackController [http-nio-8080-exec-4] getting user entries data 
2022-05-05 18:08:50,229 INFO com.guestBook.GuestBookApp.controller.FeedbackController [http-nio-8080-exec-6] getting user entries data 
2022-05-05 18:09:51,639 INFO com.guestBook.GuestBookApp.controller.FeedbackController [http-nio-8080-exec-8] getting user entries data 
2022-05-05 18:15:36,236 INFO com.guestBook.GuestBookApp.controller.FeedbackController [http-nio-8080-exec-10] getting user entries data 
2022-05-05 18:16:43,004 INFO com.guestBook.GuestBookApp.controller.FeedbackController [http-nio-8080-exec-2] getting user entries data 
2022-05-05 18:17:42,681 INFO com.guestBook.GuestBookApp.controller.FeedbackController [http-nio-8080-exec-3] getting user entries data 
2022-05-05 18:18:25,720 INFO com.guestBook.GuestBookApp.controller.FeedbackController [http-nio-8080-exec-4] getting user entries data 
2022-05-05 18:19:18,637 INFO com.guestBook.GuestBookApp.controller.FeedbackController [http-nio-8080-exec-5] getting user entries data 
2022-05-05 18:21:25,669 INFO com.guestBook.GuestBookApp.controller.FeedbackController [http-nio-8080-exec-7] getting user entries data 
2022-05-05 18:22:37,035 INFO com.guestBook.GuestBookApp.controller.FeedbackController [http-nio-8080-exec-9] getting user entries data 
2022-05-05 18:22:55,426 INFO com.guestBook.GuestBookApp.controller.FeedbackController [http-nio-8080-exec-10] getting user entries data 
2022-05-05 18:23:07,640 INFO com.guestBook.GuestBookApp.controller.FeedbackController [http-nio-8080-exec-1] getting user entries data 
2022-05-05 18:23:13,369 WARN org.springframework.web.servlet.handler.AbstractHandlerExceptionResolver [http-nio-8080-exec-2] Resolved [org.springframework.web.HttpRequestMethodNotSupportedException: Request method 'GET' not supported]
2022-05-05 18:24:52,076 INFO com.guestBook.GuestBookApp.controller.FeedbackController [http-nio-8080-exec-4] getting user entries data 
2022-05-05 18:25:31,946 INFO org.springframework.boot.StartupInfoLogger [main] Starting GuestBookAppApplication using Java 1.8.0_231 on GOPALKRISHAN with PID 1188 (D:\POCWorkSpace\GuestBookApp\target\classes started by Gopalk.Chaturvedi in D:\POCWorkSpace\GuestBookApp)
2022-05-05 18:25:31,956 DEBUG org.springframework.boot.StartupInfoLogger [main] Running with Spring Boot v2.6.7, Spring v5.3.19
2022-05-05 18:25:31,956 INFO org.springframework.boot.SpringApplication [main] No active profile set, falling back to 1 default profile: "default"
2022-05-05 18:25:42,286 WARN org.springframework.boot.autoconfigure.orm.jpa.JpaBaseConfiguration$JpaWebConfiguration [main] spring.jpa.open-in-view is enabled by default. Therefore, database queries may be performed during view rendering. Explicitly configure spring.jpa.open-in-view to disable this warning
2022-05-05 18:25:43,571 INFO org.springframework.boot.StartupInfoLogger [main] Started GuestBookAppApplication in 13.14 seconds (JVM running for 15.177)
2022-05-05 18:26:08,892 INFO com.guestBook.GuestBookApp.controller.FeedbackController [http-nio-8080-exec-1] getting user entries data 
2022-05-05 18:27:55,177 INFO com.guestBook.GuestBookApp.controller.FeedbackController [http-nio-8080-exec-3] getting user entries data 
2022-05-05 18:28:13,910 INFO com.guestBook.GuestBookApp.controller.FeedbackController [http-nio-8080-exec-5] getting user entries data 
2022-05-05 18:29:12,707 INFO com.guestBook.GuestBookApp.controller.FeedbackController [http-nio-8080-exec-7] getting user entries data 
2022-05-05 18:29:54,880 INFO com.guestBook.GuestBookApp.controller.FeedbackController [http-nio-8080-exec-9] getting user entries data 
2022-05-05 18:30:32,580 INFO com.guestBook.GuestBookApp.controller.FeedbackController [http-nio-8080-exec-10] getting user entries data 
2022-05-05 18:30:43,674 INFO com.guestBook.GuestBookApp.controller.FeedbackController [http-nio-8080-exec-1] getting user entries data 
2022-05-05 18:31:41,692 INFO com.guestBook.GuestBookApp.controller.FeedbackController [http-nio-8080-exec-2] getting user entries data 
2022-05-05 18:33:25,961 INFO com.guestBook.GuestBookApp.controller.FeedbackController [http-nio-8080-exec-4] getting user entries data 
2022-05-05 18:36:06,638 INFO com.guestBook.GuestBookApp.controller.FeedbackController [http-nio-8080-exec-6] getting user entries data 
2022-05-05 18:36:39,272 INFO com.guestBook.GuestBookApp.controller.FeedbackController [http-nio-8080-exec-7] getting user entries data 
2022-05-05 18:36:50,813 INFO com.guestBook.GuestBookApp.controller.FeedbackController [http-nio-8080-exec-8] getting user entries data 
2022-05-05 18:37:16,878 INFO com.guestBook.GuestBookApp.controller.FeedbackController [http-nio-8080-exec-9] getting user entries data 
2022-05-05 18:37:32,768 INFO com.guestBook.GuestBookApp.controller.FeedbackController [http-nio-8080-exec-10] getting user entries data 
2022-05-05 18:39:36,650 INFO com.guestBook.GuestBookApp.controller.FeedbackController [http-nio-8080-exec-2] getting user entries data 
2022-05-05 18:42:42,567 INFO com.guestBook.GuestBookApp.controller.FeedbackController [http-nio-8080-exec-4] getting user entries data 
2022-05-05 18:53:20,457 INFO com.guestBook.GuestBookApp.controller.FeedbackController [http-nio-8080-exec-6] getting user entries data 
2022-05-05 18:56:13,312 INFO com.guestBook.GuestBookApp.controller.FeedbackController [http-nio-8080-exec-8] getting user entries data 
2022-05-05 18:58:10,011 INFO org.springframework.boot.StartupInfoLogger [main] Starting GuestBookAppApplication using Java 1.8.0_231 on GOPALKRISHAN with PID 12212 (D:\POCWorkSpace\GuestBookApp\target\classes started by Gopalk.Chaturvedi in D:\POCWorkSpace\GuestBookApp)
2022-05-05 18:58:10,021 DEBUG org.springframework.boot.StartupInfoLogger [main] Running with Spring Boot v2.6.7, Spring v5.3.19
2022-05-05 18:58:10,021 INFO org.springframework.boot.SpringApplication [main] No active profile set, falling back to 1 default profile: "default"
2022-05-05 18:58:22,600 WARN org.springframework.boot.autoconfigure.orm.jpa.JpaBaseConfiguration$JpaWebConfiguration [main] spring.jpa.open-in-view is enabled by default. Therefore, database queries may be performed during view rendering. Explicitly configure spring.jpa.open-in-view to disable this warning
2022-05-05 18:58:23,785 INFO org.springframework.boot.StartupInfoLogger [main] Started GuestBookAppApplication in 15.068 seconds (JVM running for 16.023)
2022-05-05 18:58:37,082 INFO com.guestBook.GuestBookApp.controller.FeedbackController [http-nio-8080-exec-1] getting user entries data 
2022-05-05 18:59:02,163 INFO com.guestBook.GuestBookApp.controller.FeedbackController [http-nio-8080-exec-2] getting user entries data 
2022-05-05 18:59:14,967 INFO com.guestBook.GuestBookApp.controller.FeedbackController [http-nio-8080-exec-3] getting user entries data for getSelectedEntry 
2022-05-05 19:31:42,842 INFO com.guestBook.GuestBookApp.controller.FeedbackController [http-nio-8080-exec-5] getting user entries data 
2022-05-05 19:31:48,223 INFO com.guestBook.GuestBookApp.controller.FeedbackController [http-nio-8080-exec-6] getting user entries data for getSelectedEntry 
2022-05-05 19:33:54,010 INFO com.guestBook.GuestBookApp.controller.FeedbackController [http-nio-8080-exec-8] getting user entries data 
2022-05-05 19:33:58,764 INFO com.guestBook.GuestBookApp.controller.FeedbackController [http-nio-8080-exec-9] getting user entries data for getSelectedEntry 
2022-05-05 19:34:10,860 WARN org.springframework.web.servlet.handler.AbstractHandlerExceptionResolver [http-nio-8080-exec-10] Resolved [org.springframework.http.converter.HttpMessageNotReadableException: Required request body is missing: public com.guestBook.GuestBookApp.utility.ResponseDataEntity<?> com.guestBook.GuestBookApp.controller.FeedbackController.createEntries(com.guestBook.GuestBookApp.model.UserEntries)]
2022-05-05 19:37:58,290 INFO com.guestBook.GuestBookApp.controller.FeedbackController [http-nio-8080-exec-1] getting user entries data 
2022-05-05 19:38:02,537 INFO com.guestBook.GuestBookApp.controller.FeedbackController [http-nio-8080-exec-2] getting user entries data for getSelectedEntry 
2022-05-05 19:38:11,483 INFO com.guestBook.GuestBookApp.controller.FeedbackController [http-nio-8080-exec-4] creating entries
2022-05-05 19:38:11,679 INFO com.guestBook.GuestBookApp.controller.FeedbackController [http-nio-8080-exec-5] getting user entries data 
2022-05-05 19:38:51,193 WARN org.springframework.web.servlet.handler.AbstractHandlerExceptionResolver [http-nio-8080-exec-6] Resolved [org.springframework.web.HttpRequestMethodNotSupportedException: Request method 'GET' not supported]
2022-05-05 19:40:27,907 INFO com.guestBook.GuestBookApp.controller.FeedbackController [http-nio-8080-exec-8] getting user entries data 
2022-05-05 19:42:02,039 INFO org.springframework.boot.StartupInfoLogger [main] Starting GuestBookAppApplication using Java 1.8.0_231 on GOPALKRISHAN with PID 14788 (D:\POCWorkSpace\GuestBookApp\target\classes started by Gopalk.Chaturvedi in D:\POCWorkSpace\GuestBookApp)
2022-05-05 19:42:02,049 DEBUG org.springframework.boot.StartupInfoLogger [main] Running with Spring Boot v2.6.7, Spring v5.3.19
2022-05-05 19:42:02,049 INFO org.springframework.boot.SpringApplication [main] No active profile set, falling back to 1 default profile: "default"
2022-05-05 19:42:12,818 WARN org.springframework.boot.autoconfigure.orm.jpa.JpaBaseConfiguration$JpaWebConfiguration [main] spring.jpa.open-in-view is enabled by default. Therefore, database queries may be performed during view rendering. Explicitly configure spring.jpa.open-in-view to disable this warning
2022-05-05 19:42:13,763 INFO org.springframework.boot.StartupInfoLogger [main] Started GuestBookAppApplication in 12.876 seconds (JVM running for 13.792)
2022-05-05 19:48:59,555 INFO com.guestBook.GuestBookApp.controller.FeedbackController [http-nio-8080-exec-3] getting user entries data 
2022-05-05 19:49:05,700 WARN org.springframework.web.servlet.handler.AbstractHandlerExceptionResolver [http-nio-8080-exec-4] Resolved [org.springframework.web.HttpRequestMethodNotSupportedException: Request method 'GET' not supported]
2022-05-05 19:54:15,467 INFO org.springframework.boot.StartupInfoLogger [main] Starting GuestBookAppApplication using Java 1.8.0_231 on GOPALKRISHAN with PID 12448 (D:\POCWorkSpace\GuestBookApp\target\classes started by Gopalk.Chaturvedi in D:\POCWorkSpace\GuestBookApp)
2022-05-05 19:54:15,467 DEBUG org.springframework.boot.StartupInfoLogger [main] Running with Spring Boot v2.6.7, Spring v5.3.19
2022-05-05 19:54:15,467 INFO org.springframework.boot.SpringApplication [main] No active profile set, falling back to 1 default profile: "default"
2022-05-05 19:54:27,040 WARN org.springframework.boot.autoconfigure.orm.jpa.JpaBaseConfiguration$JpaWebConfiguration [main] spring.jpa.open-in-view is enabled by default. Therefore, database queries may be performed during view rendering. Explicitly configure spring.jpa.open-in-view to disable this warning
2022-05-05 19:54:28,006 INFO org.springframework.boot.StartupInfoLogger [main] Started GuestBookAppApplication in 13.556 seconds (JVM running for 14.427)
2022-05-05 19:54:33,608 INFO com.guestBook.GuestBookApp.controller.FeedbackController [http-nio-8080-exec-1] deleting entires 
2022-05-05 19:54:46,912 INFO com.guestBook.GuestBookApp.controller.FeedbackController [http-nio-8080-exec-2] getting user entries data 
2022-05-05 19:56:20,474 INFO com.guestBook.GuestBookApp.controller.FeedbackController [http-nio-8080-exec-4] getting user entries data 
2022-05-05 19:56:41,978 INFO com.guestBook.GuestBookApp.controller.FeedbackController [http-nio-8080-exec-6] getting user entries data 
2022-05-05 19:57:01,871 INFO com.guestBook.GuestBookApp.controller.FeedbackController [http-nio-8080-exec-9] getting user entries data 
2022-05-05 19:57:01,937 INFO com.guestBook.GuestBookApp.controller.FeedbackController [http-nio-8080-exec-8] creating entries
2022-05-05 19:57:07,500 INFO com.guestBook.GuestBookApp.controller.FeedbackController [http-nio-8080-exec-10] getting user entries data 
2022-05-05 21:49:09,538 INFO org.springframework.boot.StartupInfoLogger [main] Starting GuestBookAppApplication using Java 1.8.0_231 on GOPALKRISHAN with PID 19344 (D:\POCWorkSpace\GuestBookApp\target\classes started by Gopalk.Chaturvedi in D:\POCWorkSpace\GuestBookApp)
2022-05-05 21:49:09,546 DEBUG org.springframework.boot.StartupInfoLogger [main] Running with Spring Boot v2.6.7, Spring v5.3.19
2022-05-05 21:49:09,548 INFO org.springframework.boot.SpringApplication [main] No active profile set, falling back to 1 default profile: "default"
2022-05-05 21:49:20,592 WARN org.springframework.boot.autoconfigure.orm.jpa.JpaBaseConfiguration$JpaWebConfiguration [main] spring.jpa.open-in-view is enabled by default. Therefore, database queries may be performed during view rendering. Explicitly configure spring.jpa.open-in-view to disable this warning
2022-05-05 21:49:21,535 INFO org.springframework.boot.StartupInfoLogger [main] Started GuestBookAppApplication in 13.132 seconds (JVM running for 14.097)
2022-05-05 21:50:39,922 INFO com.guestBook.GuestBookApp.controller.FeedbackController [http-nio-8080-exec-2] getting user entries data 
2022-05-05 21:50:39,933 WARN org.springframework.web.servlet.handler.AbstractHandlerExceptionResolver [http-nio-8080-exec-1] Resolved [org.springframework.web.multipart.support.MissingServletRequestPartException: Required request part 'file' is not present]
2022-05-05 21:50:47,481 INFO com.guestBook.GuestBookApp.controller.FeedbackController [http-nio-8080-exec-4] getting user entries data 
2022-05-05 21:55:19,985 INFO com.guestBook.GuestBookApp.controller.FeedbackController [http-nio-8080-exec-6] getting user entries data 
2022-05-05 21:55:36,335 INFO com.guestBook.GuestBookApp.controller.FeedbackController [http-nio-8080-exec-9] getting user entries data 
2022-05-05 21:55:36,362 INFO com.guestBook.GuestBookApp.controller.FeedbackController [http-nio-8080-exec-8] creating entries
2022-05-05 21:55:44,005 INFO com.guestBook.GuestBookApp.controller.FeedbackController [http-nio-8080-exec-10] getting user entries data 
2022-05-05 22:14:21,426 INFO com.guestBook.GuestBookApp.controller.FeedbackController [http-nio-8080-exec-3] getting user entries data 
2022-05-05 22:14:30,136 INFO com.guestBook.GuestBookApp.controller.FeedbackController [http-nio-8080-exec-5] getting user entries data 
2022-05-05 22:16:25,517 INFO com.guestBook.GuestBookApp.controller.FeedbackController [http-nio-8080-exec-7] getting user entries data 
2022-05-05 22:18:59,776 INFO com.guestBook.GuestBookApp.controller.FeedbackController [http-nio-8080-exec-8] getting user entries data 
2022-05-05 22:20:24,694 INFO com.guestBook.GuestBookApp.controller.FeedbackController [http-nio-8080-exec-2] sign in user
2022-05-05 22:20:26,435 INFO com.guestBook.GuestBookApp.controller.FeedbackController [http-nio-8080-exec-1] sign in user
2022-05-05 22:20:26,494 INFO com.guestBook.GuestBookApp.controller.FeedbackController [http-nio-8080-exec-3] getting user entries data 
2022-05-05 22:21:33,808 INFO com.guestBook.GuestBookApp.controller.FeedbackController [http-nio-8080-exec-6] getting user entries data 
2022-05-05 22:22:17,393 INFO com.guestBook.GuestBookApp.controller.FeedbackController [http-nio-8080-exec-9] getting user entries data 
2022-05-05 22:23:11,696 INFO com.guestBook.GuestBookApp.controller.FeedbackController [http-nio-8080-exec-10] getting user entries data 
2022-05-05 22:24:05,609 INFO com.guestBook.GuestBookApp.controller.FeedbackController [http-nio-8080-exec-1] getting user entries data 
2022-05-05 22:25:12,832 INFO com.guestBook.GuestBookApp.controller.FeedbackController [http-nio-8080-exec-4] getting user entries data 
2022-05-05 22:25:22,552 INFO com.guestBook.GuestBookApp.controller.FeedbackController [http-nio-8080-exec-5] getting user entries data 
2022-05-05 22:25:45,243 INFO com.guestBook.GuestBookApp.controller.FeedbackController [http-nio-8080-exec-7] getting user entries data 
2022-05-05 22:25:57,507 INFO com.guestBook.GuestBookApp.controller.FeedbackController [http-nio-8080-exec-9] getting user entries data 
2022-05-05 22:28:38,877 INFO com.guestBook.GuestBookApp.controller.FeedbackController [http-nio-8080-exec-10] getting user entries data 
2022-05-05 22:41:28,723 INFO com.guestBook.GuestBookApp.controller.FeedbackController [http-nio-8080-exec-1] getting user entries data 
2022-05-05 22:42:16,925 INFO com.guestBook.GuestBookApp.controller.FeedbackController [http-nio-8080-exec-3] getting user entries data 
2022-05-05 22:43:33,897 INFO com.guestBook.GuestBookApp.controller.FeedbackController [http-nio-8080-exec-5] getting user entries data 
2022-05-05 22:43:58,571 INFO com.guestBook.GuestBookApp.controller.FeedbackController [http-nio-8080-exec-6] getting user entries data 
2022-05-05 22:45:25,161 INFO com.guestBook.GuestBookApp.controller.FeedbackController [http-nio-8080-exec-9] getting user entries data 
2022-05-05 22:46:35,755 INFO com.guestBook.GuestBookApp.controller.FeedbackController [http-nio-8080-exec-10] getting user entries data 
2022-05-05 22:47:54,509 INFO com.guestBook.GuestBookApp.controller.FeedbackController [http-nio-8080-exec-1] getting user entries data 
2022-05-05 22:48:21,043 INFO com.guestBook.GuestBookApp.controller.FeedbackController [http-nio-8080-exec-3] getting user entries data 
2022-05-05 22:49:01,342 INFO com.guestBook.GuestBookApp.controller.FeedbackController [http-nio-8080-exec-4] getting user entries data 
2022-05-05 22:49:37,483 INFO com.guestBook.GuestBookApp.controller.FeedbackController [http-nio-8080-exec-5] getting user entries data 
2022-05-05 22:49:53,266 INFO com.guestBook.GuestBookApp.controller.FeedbackController [http-nio-8080-exec-6] getting user entries data 
2022-05-05 22:50:46,954 INFO com.guestBook.GuestBookApp.controller.FeedbackController [http-nio-8080-exec-7] getting user entries data 
2022-05-05 22:51:38,207 INFO com.guestBook.GuestBookApp.controller.FeedbackController [http-nio-8080-exec-9] getting user entries data 
2022-05-05 22:51:51,893 INFO com.guestBook.GuestBookApp.controller.FeedbackController [http-nio-8080-exec-8] getting user entries data 
2022-05-05 22:52:52,271 INFO com.guestBook.GuestBookApp.controller.FeedbackController [http-nio-8080-exec-10] getting user entries data 
2022-05-05 22:53:07,510 INFO com.guestBook.GuestBookApp.controller.FeedbackController [http-nio-8080-exec-2] getting user entries data 
2022-05-05 22:53:39,686 INFO com.guestBook.GuestBookApp.controller.FeedbackController [http-nio-8080-exec-1] getting user entries data 
2022-05-05 22:54:35,112 INFO com.guestBook.GuestBookApp.controller.FeedbackController [http-nio-8080-exec-3] getting user entries data 
2022-05-05 22:55:23,740 INFO com.guestBook.GuestBookApp.controller.FeedbackController [http-nio-8080-exec-4] getting user entries data 
2022-05-05 22:55:43,289 INFO com.guestBook.GuestBookApp.controller.FeedbackController [http-nio-8080-exec-5] getting user entries data 
2022-05-05 22:55:47,159 INFO com.guestBook.GuestBookApp.controller.FeedbackController [http-nio-8080-exec-6] getting user entries data 
2022-05-05 22:56:22,253 INFO com.guestBook.GuestBookApp.controller.FeedbackController [http-nio-8080-exec-7] getting user entries data 
2022-05-05 22:56:30,677 INFO com.guestBook.GuestBookApp.controller.FeedbackController [http-nio-8080-exec-9] getting user entries data 
2022-05-05 22:57:40,947 INFO com.guestBook.GuestBookApp.controller.FeedbackController [http-nio-8080-exec-10] getting user entries data 
2022-05-05 22:58:04,710 INFO com.guestBook.GuestBookApp.controller.FeedbackController [http-nio-8080-exec-2] getting user entries data 
2022-05-05 23:01:48,275 INFO com.guestBook.GuestBookApp.controller.FeedbackController [http-nio-8080-exec-3] getting user entries data 
2022-05-05 23:02:00,132 INFO com.guestBook.GuestBookApp.controller.FeedbackController [http-nio-8080-exec-4] getting user entries data 
2022-05-05 23:02:55,112 INFO com.guestBook.GuestBookApp.controller.FeedbackController [http-nio-8080-exec-9] registering user
2022-05-05 23:02:55,112 INFO com.guestBook.GuestBookApp.controller.FeedbackController [http-nio-8080-exec-7] registering user
2022-05-05 23:02:55,203 WARN org.hibernate.engine.jdbc.spi.SqlExceptionHelper [http-nio-8080-exec-7] SQL Error: 1364, SQLState: HY000
2022-05-05 23:02:55,203 ERROR org.hibernate.engine.jdbc.spi.SqlExceptionHelper [http-nio-8080-exec-7] Field 'user_id' doesn't have a default value
2022-05-05 23:02:55,203 WARN org.hibernate.engine.jdbc.spi.SqlExceptionHelper [http-nio-8080-exec-9] SQL Error: 1364, SQLState: HY000
2022-05-05 23:02:55,211 ERROR org.hibernate.engine.jdbc.spi.SqlExceptionHelper [http-nio-8080-exec-9] Field 'user_id' doesn't have a default value
2022-05-05 23:02:55,242 ERROR com.guestBook.GuestBookApp.controller.FeedbackController [http-nio-8080-exec-7] error while registering user[Ljava.lang.StackTraceElement;@10015e5a
2022-05-05 23:02:55,244 ERROR com.guestBook.GuestBookApp.controller.FeedbackController [http-nio-8080-exec-9] error while registering user[Ljava.lang.StackTraceElement;@6dc83a91
2022-05-05 23:02:55,306 INFO com.guestBook.GuestBookApp.controller.FeedbackController [http-nio-8080-exec-8] getting user entries data 
2022-05-05 23:05:43,113 INFO com.guestBook.GuestBookApp.controller.FeedbackController [http-nio-8080-exec-1] getting user entries data 
2022-05-05 23:07:47,866 INFO com.guestBook.GuestBookApp.controller.FeedbackController [http-nio-8080-exec-4] registering user
2022-05-05 23:07:47,872 WARN org.hibernate.engine.jdbc.spi.SqlExceptionHelper [http-nio-8080-exec-4] SQL Error: 1364, SQLState: HY000
2022-05-05 23:07:47,873 ERROR org.hibernate.engine.jdbc.spi.SqlExceptionHelper [http-nio-8080-exec-4] Field 'user_id' doesn't have a default value
2022-05-05 23:07:47,875 ERROR com.guestBook.GuestBookApp.controller.FeedbackController [http-nio-8080-exec-4] error while registering user[Ljava.lang.StackTraceElement;@160cda53
2022-05-05 23:07:47,905 INFO com.guestBook.GuestBookApp.controller.FeedbackController [http-nio-8080-exec-6] getting user entries data 
2022-05-05 23:11:13,847 INFO com.guestBook.GuestBookApp.controller.FeedbackController [http-nio-8080-exec-7] registering user
2022-05-05 23:11:13,914 INFO com.guestBook.GuestBookApp.controller.FeedbackController [http-nio-8080-exec-9] getting user entries data 
2022-05-05 23:25:00,559 INFO org.springframework.boot.StartupInfoLogger [main] Starting GuestBookAppApplication using Java 1.8.0_231 on GOPALKRISHAN with PID 14692 (D:\POCWorkSpace\GuestBookApp\target\classes started by Gopalk.Chaturvedi in D:\POCWorkSpace\GuestBookApp)
2022-05-05 23:25:00,569 DEBUG org.springframework.boot.StartupInfoLogger [main] Running with Spring Boot v2.6.7, Spring v5.3.19
2022-05-05 23:25:00,577 INFO org.springframework.boot.SpringApplication [main] No active profile set, falling back to 1 default profile: "default"
2022-05-05 23:25:10,839 WARN org.springframework.boot.autoconfigure.orm.jpa.JpaBaseConfiguration$JpaWebConfiguration [main] spring.jpa.open-in-view is enabled by default. Therefore, database queries may be performed during view rendering. Explicitly configure spring.jpa.open-in-view to disable this warning
2022-05-05 23:25:11,742 INFO org.springframework.boot.StartupInfoLogger [main] Started GuestBookAppApplication in 12.814 seconds (JVM running for 14.054)
2022-05-05 23:25:47,556 INFO com.guestBook.GuestBookApp.controller.FeedbackController [http-nio-8080-exec-7] sign in user
2022-05-05 23:25:49,096 INFO com.guestBook.GuestBookApp.controller.FeedbackController [http-nio-8080-exec-8] sign in user
2022-05-05 23:25:49,164 INFO com.guestBook.GuestBookApp.controller.FeedbackController [http-nio-8080-exec-9] getting user entries data 
